  [1m[36m (0.9ms)[0m  [1mCREATE TABLE "schema_migrations" ("version" varchar(255) NOT NULL) [0m
  [1m[35m (0.1ms)[0m  select sqlite_version(*)
  [1m[36m (0.6ms)[0m  [1mCREATE UNIQUE INDEX "unique_schema_migrations" ON "schema_migrations" ("version")[0m
  [1m[35mActiveRecord::SchemaMigration Load (0.1ms)[0m  SELECT "schema_migrations".* FROM "schema_migrations"
Migrating to CreateRestarants (20140714081406)
  [1m[36m (0.0ms)[0m  [1mbegin transaction[0m
  [1m[35m (0.3ms)[0m  CREATE TABLE "restarants" ("id" INTEGER PRIMARY KEY AUTOINCREMENT NOT NULL, "name" varchar(255), "address" varchar(255), "latitude" float, "longitude" float, "created_at" datetime, "updated_at" datetime) 
  [1m[36mSQL (0.2ms)[0m  [1mINSERT INTO "schema_migrations" ("version") VALUES (?)[0m  [["version", "20140714081406"]]
  [1m[35m (0.5ms)[0m  commit transaction
  [1m[36mActiveRecord::SchemaMigration Load (0.1ms)[0m  [1mSELECT "schema_migrations".* FROM "schema_migrations"[0m
  [1m[36m (0.1ms)[0m  [1mbegin transaction[0m
  [1m[35mSQL (0.4ms)[0m  INSERT INTO "restarants" ("address", "created_at", "latitude", "longitude", "updated_at") VALUES (?, ?, ?, ?, ?)  [["address", "St Pancras Station, London"], ["created_at", "2014-07-14 08:20:32.721340"], ["latitude", 51.53157419999999], ["longitude", -0.1259311], ["updated_at", "2014-07-14 08:20:32.721340"]]
  [1m[36m (0.7ms)[0m  [1mcommit transaction[0m
  [1m[36m (0.8ms)[0m  [1mCREATE TABLE "schema_migrations" ("version" varchar(255) NOT NULL) [0m
  [1m[35m (0.0ms)[0m  select sqlite_version(*)
  [1m[36m (0.6ms)[0m  [1mCREATE UNIQUE INDEX "unique_schema_migrations" ON "schema_migrations" ("version")[0m
  [1m[35mActiveRecord::SchemaMigration Load (0.1ms)[0m  SELECT "schema_migrations".* FROM "schema_migrations"
Migrating to CreateRestaurants (20140714082912)
  [1m[36m (0.1ms)[0m  [1mbegin transaction[0m
  [1m[35m (0.4ms)[0m  CREATE TABLE "restaurants" ("id" INTEGER PRIMARY KEY AUTOINCREMENT NOT NULL, "name" varchar(255), "address" varchar(255), "latitude" float, "longitude" float, "created_at" datetime, "updated_at" datetime) 
  [1m[36mSQL (0.1ms)[0m  [1mINSERT INTO "schema_migrations" ("version") VALUES (?)[0m  [["version", "20140714082912"]]
  [1m[35m (0.5ms)[0m  commit transaction
  [1m[36mActiveRecord::SchemaMigration Load (0.1ms)[0m  [1mSELECT "schema_migrations".* FROM "schema_migrations"[0m
  [1m[36m (0.1ms)[0m  [1mbegin transaction[0m
  [1m[35mSQL (0.5ms)[0m  INSERT INTO "restaurants" ("address", "created_at", "latitude", "longitude", "updated_at") VALUES (?, ?, ?, ?, ?)  [["address", "29 Yik Yam Street, Happy Valley, Hong Kong"], ["created_at", "2014-07-14 08:30:46.553990"], ["latitude", 22.269102], ["longitude", 114.184457], ["updated_at", "2014-07-14 08:30:46.553990"]]
  [1m[36m (2.3ms)[0m  [1mcommit transaction[0m


Started GET "/" for 127.0.0.1 at 2014-07-14 16:31:45 +0800
  [1m[36mActiveRecord::SchemaMigration Load (0.1ms)[0m  [1mSELECT "schema_migrations".* FROM "schema_migrations"[0m
Processing by Rails::WelcomeController#index as HTML
  Rendered /Users/LeoT/.rbenv/versions/2.1.1/lib/ruby/gems/2.1.0/gems/railties-4.1.0/lib/rails/templates/rails/welcome/index.html.erb (2.1ms)
Completed 200 OK in 12ms (Views: 11.5ms | ActiveRecord: 0.0ms)


Started GET "/" for 127.0.0.1 at 2014-07-14 16:32:11 +0800

ActionController::RoutingError (uninitialized constant RestaurantsController):
  activesupport (4.1.0) lib/active_support/inflector/methods.rb:238:in `const_get'
  activesupport (4.1.0) lib/active_support/inflector/methods.rb:238:in `block in constantize'
  activesupport (4.1.0) lib/active_support/inflector/methods.rb:236:in `each'
  activesupport (4.1.0) lib/active_support/inflector/methods.rb:236:in `inject'
  activesupport (4.1.0) lib/active_support/inflector/methods.rb:236:in `constantize'
  actionpack (4.1.0) lib/action_dispatch/routing/route_set.rb:76:in `controller_reference'
  actionpack (4.1.0) lib/action_dispatch/routing/route_set.rb:66:in `controller'
  actionpack (4.1.0) lib/action_dispatch/routing/route_set.rb:44:in `call'
  actionpack (4.1.0) lib/action_dispatch/journey/router.rb:71:in `block in call'
  actionpack (4.1.0) lib/action_dispatch/journey/router.rb:59:in `each'
  actionpack (4.1.0) lib/action_dispatch/journey/router.rb:59:in `call'
  actionpack (4.1.0) lib/action_dispatch/routing/route_set.rb:676:in `call'
  rack (1.5.2) lib/rack/etag.rb:23:in `call'
  rack (1.5.2) lib/rack/conditionalget.rb:25:in `call'
  rack (1.5.2) lib/rack/head.rb:11:in `call'
  actionpack (4.1.0) lib/action_dispatch/middleware/params_parser.rb:27:in `call'
  actionpack (4.1.0) lib/action_dispatch/middleware/flash.rb:254:in `call'
  rack (1.5.2) lib/rack/session/abstract/id.rb:225:in `context'
  rack (1.5.2) lib/rack/session/abstract/id.rb:220:in `call'
  actionpack (4.1.0) lib/action_dispatch/middleware/cookies.rb:560:in `call'
  activerecord (4.1.0) lib/active_record/query_cache.rb:36:in `call'
  activerecord (4.1.0) lib/active_record/connection_adapters/abstract/connection_pool.rb:621:in `call'
  activerecord (4.1.0) lib/active_record/migration.rb:380:in `call'
  actionpack (4.1.0) lib/action_dispatch/middleware/callbacks.rb:29:in `block in call'
  activesupport (4.1.0) lib/active_support/callbacks.rb:82:in `run_callbacks'
  actionpack (4.1.0) lib/action_dispatch/middleware/callbacks.rb:27:in `call'
  actionpack (4.1.0) lib/action_dispatch/middleware/reloader.rb:73:in `call'
  actionpack (4.1.0) lib/action_dispatch/middleware/remote_ip.rb:76:in `call'
  actionpack (4.1.0) lib/action_dispatch/middleware/debug_exceptions.rb:17:in `call'
  actionpack (4.1.0) lib/action_dispatch/middleware/show_exceptions.rb:30:in `call'
  railties (4.1.0) lib/rails/rack/logger.rb:38:in `call_app'
  railties (4.1.0) lib/rails/rack/logger.rb:20:in `block in call'
  activesupport (4.1.0) lib/active_support/tagged_logging.rb:68:in `block in tagged'
  activesupport (4.1.0) lib/active_support/tagged_logging.rb:26:in `tagged'
  activesupport (4.1.0) lib/active_support/tagged_logging.rb:68:in `tagged'
  railties (4.1.0) lib/rails/rack/logger.rb:20:in `call'
  actionpack (4.1.0) lib/action_dispatch/middleware/request_id.rb:21:in `call'
  rack (1.5.2) lib/rack/methodoverride.rb:21:in `call'
  rack (1.5.2) lib/rack/runtime.rb:17:in `call'
  activesupport (4.1.0) lib/active_support/cache/strategy/local_cache_middleware.rb:26:in `call'
  rack (1.5.2) lib/rack/lock.rb:17:in `call'
  actionpack (4.1.0) lib/action_dispatch/middleware/static.rb:64:in `call'
  rack (1.5.2) lib/rack/sendfile.rb:112:in `call'
  railties (4.1.0) lib/rails/engine.rb:514:in `call'
  railties (4.1.0) lib/rails/application.rb:144:in `call'
  rack (1.5.2) lib/rack/lock.rb:17:in `call'
  rack (1.5.2) lib/rack/content_length.rb:14:in `call'
  rack (1.5.2) lib/rack/handler/webrick.rb:60:in `service'
  /Users/LeoT/.rbenv/versions/2.1.1/lib/ruby/2.1.0/webrick/httpserver.rb:138:in `service'
  /Users/LeoT/.rbenv/versions/2.1.1/lib/ruby/2.1.0/webrick/httpserver.rb:94:in `run'
  /Users/LeoT/.rbenv/versions/2.1.1/lib/ruby/2.1.0/webrick/server.rb:295:in `block in start_thread'


  Rendered /Users/LeoT/.rbenv/versions/2.1.1/lib/ruby/gems/2.1.0/gems/actionpack-4.1.0/lib/action_dispatch/middleware/templates/rescues/_trace.html.erb (0.8ms)
  Rendered /Users/LeoT/.rbenv/versions/2.1.1/lib/ruby/gems/2.1.0/gems/actionpack-4.1.0/lib/action_dispatch/middleware/templates/routes/_route.html.erb (0.9ms)
  Rendered /Users/LeoT/.rbenv/versions/2.1.1/lib/ruby/gems/2.1.0/gems/actionpack-4.1.0/lib/action_dispatch/middleware/templates/routes/_table.html.erb (5.5ms)
  Rendered /Users/LeoT/.rbenv/versions/2.1.1/lib/ruby/gems/2.1.0/gems/actionpack-4.1.0/lib/action_dispatch/middleware/templates/rescues/routing_error.html.erb within rescues/layout (24.3ms)


Started GET "/" for 127.0.0.1 at 2014-07-14 16:32:49 +0800

ActionController::RoutingError (uninitialized constant RestaurantsController):
  activesupport (4.1.0) lib/active_support/inflector/methods.rb:238:in `const_get'
  activesupport (4.1.0) lib/active_support/inflector/methods.rb:238:in `block in constantize'
  activesupport (4.1.0) lib/active_support/inflector/methods.rb:236:in `each'
  activesupport (4.1.0) lib/active_support/inflector/methods.rb:236:in `inject'
  activesupport (4.1.0) lib/active_support/inflector/methods.rb:236:in `constantize'
  actionpack (4.1.0) lib/action_dispatch/routing/route_set.rb:76:in `controller_reference'
  actionpack (4.1.0) lib/action_dispatch/routing/route_set.rb:66:in `controller'
  actionpack (4.1.0) lib/action_dispatch/routing/route_set.rb:44:in `call'
  actionpack (4.1.0) lib/action_dispatch/journey/router.rb:71:in `block in call'
  actionpack (4.1.0) lib/action_dispatch/journey/router.rb:59:in `each'
  actionpack (4.1.0) lib/action_dispatch/journey/router.rb:59:in `call'
  actionpack (4.1.0) lib/action_dispatch/routing/route_set.rb:676:in `call'
  rack (1.5.2) lib/rack/etag.rb:23:in `call'
  rack (1.5.2) lib/rack/conditionalget.rb:25:in `call'
  rack (1.5.2) lib/rack/head.rb:11:in `call'
  actionpack (4.1.0) lib/action_dispatch/middleware/params_parser.rb:27:in `call'
  actionpack (4.1.0) lib/action_dispatch/middleware/flash.rb:254:in `call'
  rack (1.5.2) lib/rack/session/abstract/id.rb:225:in `context'
  rack (1.5.2) lib/rack/session/abstract/id.rb:220:in `call'
  actionpack (4.1.0) lib/action_dispatch/middleware/cookies.rb:560:in `call'
  activerecord (4.1.0) lib/active_record/query_cache.rb:36:in `call'
  activerecord (4.1.0) lib/active_record/connection_adapters/abstract/connection_pool.rb:621:in `call'
  activerecord (4.1.0) lib/active_record/migration.rb:380:in `call'
  actionpack (4.1.0) lib/action_dispatch/middleware/callbacks.rb:29:in `block in call'
  activesupport (4.1.0) lib/active_support/callbacks.rb:82:in `run_callbacks'
  actionpack (4.1.0) lib/action_dispatch/middleware/callbacks.rb:27:in `call'
  actionpack (4.1.0) lib/action_dispatch/middleware/reloader.rb:73:in `call'
  actionpack (4.1.0) lib/action_dispatch/middleware/remote_ip.rb:76:in `call'
  actionpack (4.1.0) lib/action_dispatch/middleware/debug_exceptions.rb:17:in `call'
  actionpack (4.1.0) lib/action_dispatch/middleware/show_exceptions.rb:30:in `call'
  railties (4.1.0) lib/rails/rack/logger.rb:38:in `call_app'
  railties (4.1.0) lib/rails/rack/logger.rb:20:in `block in call'
  activesupport (4.1.0) lib/active_support/tagged_logging.rb:68:in `block in tagged'
  activesupport (4.1.0) lib/active_support/tagged_logging.rb:26:in `tagged'
  activesupport (4.1.0) lib/active_support/tagged_logging.rb:68:in `tagged'
  railties (4.1.0) lib/rails/rack/logger.rb:20:in `call'
  actionpack (4.1.0) lib/action_dispatch/middleware/request_id.rb:21:in `call'
  rack (1.5.2) lib/rack/methodoverride.rb:21:in `call'
  rack (1.5.2) lib/rack/runtime.rb:17:in `call'
  activesupport (4.1.0) lib/active_support/cache/strategy/local_cache_middleware.rb:26:in `call'
  rack (1.5.2) lib/rack/lock.rb:17:in `call'
  actionpack (4.1.0) lib/action_dispatch/middleware/static.rb:64:in `call'
  rack (1.5.2) lib/rack/sendfile.rb:112:in `call'
  railties (4.1.0) lib/rails/engine.rb:514:in `call'
  railties (4.1.0) lib/rails/application.rb:144:in `call'
  rack (1.5.2) lib/rack/lock.rb:17:in `call'
  rack (1.5.2) lib/rack/content_length.rb:14:in `call'
  rack (1.5.2) lib/rack/handler/webrick.rb:60:in `service'
  /Users/LeoT/.rbenv/versions/2.1.1/lib/ruby/2.1.0/webrick/httpserver.rb:138:in `service'
  /Users/LeoT/.rbenv/versions/2.1.1/lib/ruby/2.1.0/webrick/httpserver.rb:94:in `run'
  /Users/LeoT/.rbenv/versions/2.1.1/lib/ruby/2.1.0/webrick/server.rb:295:in `block in start_thread'


  Rendered /Users/LeoT/.rbenv/versions/2.1.1/lib/ruby/gems/2.1.0/gems/actionpack-4.1.0/lib/action_dispatch/middleware/templates/rescues/_trace.html.erb (0.9ms)
  Rendered /Users/LeoT/.rbenv/versions/2.1.1/lib/ruby/gems/2.1.0/gems/actionpack-4.1.0/lib/action_dispatch/middleware/templates/routes/_route.html.erb (0.7ms)
  Rendered /Users/LeoT/.rbenv/versions/2.1.1/lib/ruby/gems/2.1.0/gems/actionpack-4.1.0/lib/action_dispatch/middleware/templates/routes/_table.html.erb (0.8ms)
  Rendered /Users/LeoT/.rbenv/versions/2.1.1/lib/ruby/gems/2.1.0/gems/actionpack-4.1.0/lib/action_dispatch/middleware/templates/rescues/routing_error.html.erb within rescues/layout (13.4ms)


Started GET "/" for 127.0.0.1 at 2014-07-14 16:32:51 +0800

ActionController::RoutingError (uninitialized constant RestaurantsController):
  activesupport (4.1.0) lib/active_support/inflector/methods.rb:238:in `const_get'
  activesupport (4.1.0) lib/active_support/inflector/methods.rb:238:in `block in constantize'
  activesupport (4.1.0) lib/active_support/inflector/methods.rb:236:in `each'
  activesupport (4.1.0) lib/active_support/inflector/methods.rb:236:in `inject'
  activesupport (4.1.0) lib/active_support/inflector/methods.rb:236:in `constantize'
  actionpack (4.1.0) lib/action_dispatch/routing/route_set.rb:76:in `controller_reference'
  actionpack (4.1.0) lib/action_dispatch/routing/route_set.rb:66:in `controller'
  actionpack (4.1.0) lib/action_dispatch/routing/route_set.rb:44:in `call'
  actionpack (4.1.0) lib/action_dispatch/journey/router.rb:71:in `block in call'
  actionpack (4.1.0) lib/action_dispatch/journey/router.rb:59:in `each'
  actionpack (4.1.0) lib/action_dispatch/journey/router.rb:59:in `call'
  actionpack (4.1.0) lib/action_dispatch/routing/route_set.rb:676:in `call'
  rack (1.5.2) lib/rack/etag.rb:23:in `call'
  rack (1.5.2) lib/rack/conditionalget.rb:25:in `call'
  rack (1.5.2) lib/rack/head.rb:11:in `call'
  actionpack (4.1.0) lib/action_dispatch/middleware/params_parser.rb:27:in `call'
  actionpack (4.1.0) lib/action_dispatch/middleware/flash.rb:254:in `call'
  rack (1.5.2) lib/rack/session/abstract/id.rb:225:in `context'
  rack (1.5.2) lib/rack/session/abstract/id.rb:220:in `call'
  actionpack (4.1.0) lib/action_dispatch/middleware/cookies.rb:560:in `call'
  activerecord (4.1.0) lib/active_record/query_cache.rb:36:in `call'
  activerecord (4.1.0) lib/active_record/connection_adapters/abstract/connection_pool.rb:621:in `call'
  activerecord (4.1.0) lib/active_record/migration.rb:380:in `call'
  actionpack (4.1.0) lib/action_dispatch/middleware/callbacks.rb:29:in `block in call'
  activesupport (4.1.0) lib/active_support/callbacks.rb:82:in `run_callbacks'
  actionpack (4.1.0) lib/action_dispatch/middleware/callbacks.rb:27:in `call'
  actionpack (4.1.0) lib/action_dispatch/middleware/reloader.rb:73:in `call'
  actionpack (4.1.0) lib/action_dispatch/middleware/remote_ip.rb:76:in `call'
  actionpack (4.1.0) lib/action_dispatch/middleware/debug_exceptions.rb:17:in `call'
  actionpack (4.1.0) lib/action_dispatch/middleware/show_exceptions.rb:30:in `call'
  railties (4.1.0) lib/rails/rack/logger.rb:38:in `call_app'
  railties (4.1.0) lib/rails/rack/logger.rb:20:in `block in call'
  activesupport (4.1.0) lib/active_support/tagged_logging.rb:68:in `block in tagged'
  activesupport (4.1.0) lib/active_support/tagged_logging.rb:26:in `tagged'
  activesupport (4.1.0) lib/active_support/tagged_logging.rb:68:in `tagged'
  railties (4.1.0) lib/rails/rack/logger.rb:20:in `call'
  actionpack (4.1.0) lib/action_dispatch/middleware/request_id.rb:21:in `call'
  rack (1.5.2) lib/rack/methodoverride.rb:21:in `call'
  rack (1.5.2) lib/rack/runtime.rb:17:in `call'
  activesupport (4.1.0) lib/active_support/cache/strategy/local_cache_middleware.rb:26:in `call'
  rack (1.5.2) lib/rack/lock.rb:17:in `call'
  actionpack (4.1.0) lib/action_dispatch/middleware/static.rb:64:in `call'
  rack (1.5.2) lib/rack/sendfile.rb:112:in `call'
  railties (4.1.0) lib/rails/engine.rb:514:in `call'
  railties (4.1.0) lib/rails/application.rb:144:in `call'
  rack (1.5.2) lib/rack/lock.rb:17:in `call'
  rack (1.5.2) lib/rack/content_length.rb:14:in `call'
  rack (1.5.2) lib/rack/handler/webrick.rb:60:in `service'
  /Users/LeoT/.rbenv/versions/2.1.1/lib/ruby/2.1.0/webrick/httpserver.rb:138:in `service'
  /Users/LeoT/.rbenv/versions/2.1.1/lib/ruby/2.1.0/webrick/httpserver.rb:94:in `run'
  /Users/LeoT/.rbenv/versions/2.1.1/lib/ruby/2.1.0/webrick/server.rb:295:in `block in start_thread'


  Rendered /Users/LeoT/.rbenv/versions/2.1.1/lib/ruby/gems/2.1.0/gems/actionpack-4.1.0/lib/action_dispatch/middleware/templates/rescues/_trace.html.erb (1.0ms)
  Rendered /Users/LeoT/.rbenv/versions/2.1.1/lib/ruby/gems/2.1.0/gems/actionpack-4.1.0/lib/action_dispatch/middleware/templates/routes/_route.html.erb (0.6ms)
  Rendered /Users/LeoT/.rbenv/versions/2.1.1/lib/ruby/gems/2.1.0/gems/actionpack-4.1.0/lib/action_dispatch/middleware/templates/routes/_table.html.erb (1.0ms)
  Rendered /Users/LeoT/.rbenv/versions/2.1.1/lib/ruby/gems/2.1.0/gems/actionpack-4.1.0/lib/action_dispatch/middleware/templates/rescues/routing_error.html.erb within rescues/layout (13.5ms)


Started GET "/" for 127.0.0.1 at 2014-07-14 16:33:12 +0800
Processing by Rails::WelcomeController#index as HTML
  Rendered /Users/LeoT/.rbenv/versions/2.1.1/lib/ruby/gems/2.1.0/gems/railties-4.1.0/lib/rails/templates/rails/welcome/index.html.erb (0.0ms)
Completed 200 OK in 1ms (Views: 0.8ms | ActiveRecord: 0.0ms)


Started GET "/" for 127.0.0.1 at 2014-07-14 16:34:07 +0800

AbstractController::ActionNotFound (The action 'index' could not be found for RestaurantsController):
  actionpack (4.1.0) lib/abstract_controller/base.rb:131:in `process'
  actionview (4.1.0) lib/action_view/rendering.rb:30:in `process'
  actionpack (4.1.0) lib/action_controller/metal.rb:195:in `dispatch'
  actionpack (4.1.0) lib/action_controller/metal/rack_delegation.rb:13:in `dispatch'
  actionpack (4.1.0) lib/action_controller/metal.rb:231:in `block in action'
  actionpack (4.1.0) lib/action_dispatch/routing/route_set.rb:80:in `call'
  actionpack (4.1.0) lib/action_dispatch/routing/route_set.rb:80:in `dispatch'
  actionpack (4.1.0) lib/action_dispatch/routing/route_set.rb:48:in `call'
  actionpack (4.1.0) lib/action_dispatch/journey/router.rb:71:in `block in call'
  actionpack (4.1.0) lib/action_dispatch/journey/router.rb:59:in `each'
  actionpack (4.1.0) lib/action_dispatch/journey/router.rb:59:in `call'
  actionpack (4.1.0) lib/action_dispatch/routing/route_set.rb:676:in `call'
  rack (1.5.2) lib/rack/etag.rb:23:in `call'
  rack (1.5.2) lib/rack/conditionalget.rb:25:in `call'
  rack (1.5.2) lib/rack/head.rb:11:in `call'
  actionpack (4.1.0) lib/action_dispatch/middleware/params_parser.rb:27:in `call'
  actionpack (4.1.0) lib/action_dispatch/middleware/flash.rb:254:in `call'
  rack (1.5.2) lib/rack/session/abstract/id.rb:225:in `context'
  rack (1.5.2) lib/rack/session/abstract/id.rb:220:in `call'
  actionpack (4.1.0) lib/action_dispatch/middleware/cookies.rb:560:in `call'
  activerecord (4.1.0) lib/active_record/query_cache.rb:36:in `call'
  activerecord (4.1.0) lib/active_record/connection_adapters/abstract/connection_pool.rb:621:in `call'
  activerecord (4.1.0) lib/active_record/migration.rb:380:in `call'
  actionpack (4.1.0) lib/action_dispatch/middleware/callbacks.rb:29:in `block in call'
  activesupport (4.1.0) lib/active_support/callbacks.rb:82:in `run_callbacks'
  actionpack (4.1.0) lib/action_dispatch/middleware/callbacks.rb:27:in `call'
  actionpack (4.1.0) lib/action_dispatch/middleware/reloader.rb:73:in `call'
  actionpack (4.1.0) lib/action_dispatch/middleware/remote_ip.rb:76:in `call'
  actionpack (4.1.0) lib/action_dispatch/middleware/debug_exceptions.rb:17:in `call'
  actionpack (4.1.0) lib/action_dispatch/middleware/show_exceptions.rb:30:in `call'
  railties (4.1.0) lib/rails/rack/logger.rb:38:in `call_app'
  railties (4.1.0) lib/rails/rack/logger.rb:20:in `block in call'
  activesupport (4.1.0) lib/active_support/tagged_logging.rb:68:in `block in tagged'
  activesupport (4.1.0) lib/active_support/tagged_logging.rb:26:in `tagged'
  activesupport (4.1.0) lib/active_support/tagged_logging.rb:68:in `tagged'
  railties (4.1.0) lib/rails/rack/logger.rb:20:in `call'
  actionpack (4.1.0) lib/action_dispatch/middleware/request_id.rb:21:in `call'
  rack (1.5.2) lib/rack/methodoverride.rb:21:in `call'
  rack (1.5.2) lib/rack/runtime.rb:17:in `call'
  activesupport (4.1.0) lib/active_support/cache/strategy/local_cache_middleware.rb:26:in `call'
  rack (1.5.2) lib/rack/lock.rb:17:in `call'
  actionpack (4.1.0) lib/action_dispatch/middleware/static.rb:64:in `call'
  rack (1.5.2) lib/rack/sendfile.rb:112:in `call'
  railties (4.1.0) lib/rails/engine.rb:514:in `call'
  railties (4.1.0) lib/rails/application.rb:144:in `call'
  rack (1.5.2) lib/rack/lock.rb:17:in `call'
  rack (1.5.2) lib/rack/content_length.rb:14:in `call'
  rack (1.5.2) lib/rack/handler/webrick.rb:60:in `service'
  /Users/LeoT/.rbenv/versions/2.1.1/lib/ruby/2.1.0/webrick/httpserver.rb:138:in `service'
  /Users/LeoT/.rbenv/versions/2.1.1/lib/ruby/2.1.0/webrick/httpserver.rb:94:in `run'
  /Users/LeoT/.rbenv/versions/2.1.1/lib/ruby/2.1.0/webrick/server.rb:295:in `block in start_thread'


  Rendered /Users/LeoT/.rbenv/versions/2.1.1/lib/ruby/gems/2.1.0/gems/actionpack-4.1.0/lib/action_dispatch/middleware/templates/rescues/unknown_action.html.erb within rescues/layout (0.5ms)


Started GET "/" for 127.0.0.1 at 2014-07-14 16:34:22 +0800
Processing by RestaurantsController#index as HTML
Completed 500 Internal Server Error in 1ms

ActionView::MissingTemplate (Missing template restaurants/index, application/index with {:locale=>[:en], :formats=>[:html], :variants=>[], :handlers=>[:erb, :builder, :raw, :ruby, :jbuilder, :coffee]}. Searched in:
  * "/Users/LeoT/Dropbox/github/wdi/demo/geoduck/app/views"
):
  actionview (4.1.0) lib/action_view/path_set.rb:46:in `find'
  actionview (4.1.0) lib/action_view/lookup_context.rb:124:in `find'
  actionview (4.1.0) lib/action_view/renderer/abstract_renderer.rb:18:in `find_template'
  actionview (4.1.0) lib/action_view/renderer/template_renderer.rb:41:in `determine_template'
  actionview (4.1.0) lib/action_view/renderer/template_renderer.rb:8:in `render'
  actionview (4.1.0) lib/action_view/renderer/renderer.rb:42:in `render_template'
  actionview (4.1.0) lib/action_view/renderer/renderer.rb:23:in `render'
  actionview (4.1.0) lib/action_view/rendering.rb:99:in `_render_template'
  actionpack (4.1.0) lib/action_controller/metal/streaming.rb:217:in `_render_template'
  actionview (4.1.0) lib/action_view/rendering.rb:82:in `render_to_body'
  actionpack (4.1.0) lib/action_controller/metal/rendering.rb:32:in `render_to_body'
  actionpack (4.1.0) lib/action_controller/metal/renderers.rb:32:in `render_to_body'
  actionpack (4.1.0) lib/abstract_controller/rendering.rb:25:in `render'
  actionpack (4.1.0) lib/action_controller/metal/rendering.rb:16:in `render'
  actionpack (4.1.0) lib/action_controller/metal/instrumentation.rb:41:in `block (2 levels) in render'
  activesupport (4.1.0) lib/active_support/core_ext/benchmark.rb:12:in `block in ms'
  /Users/LeoT/.rbenv/versions/2.1.1/lib/ruby/2.1.0/benchmark.rb:294:in `realtime'
  activesupport (4.1.0) lib/active_support/core_ext/benchmark.rb:12:in `ms'
  actionpack (4.1.0) lib/action_controller/metal/instrumentation.rb:41:in `block in render'
  actionpack (4.1.0) lib/action_controller/metal/instrumentation.rb:84:in `cleanup_view_runtime'
  activerecord (4.1.0) lib/active_record/railties/controller_runtime.rb:25:in `cleanup_view_runtime'
  actionpack (4.1.0) lib/action_controller/metal/instrumentation.rb:40:in `render'
  actionpack (4.1.0) lib/action_controller/metal/implicit_render.rb:10:in `default_render'
  actionpack (4.1.0) lib/action_controller/metal/implicit_render.rb:5:in `send_action'
  actionpack (4.1.0) lib/abstract_controller/base.rb:189:in `process_action'
  actionpack (4.1.0) lib/action_controller/metal/rendering.rb:10:in `process_action'
  actionpack (4.1.0) lib/abstract_controller/callbacks.rb:20:in `block in process_action'
  activesupport (4.1.0) lib/active_support/callbacks.rb:113:in `call'
  activesupport (4.1.0) lib/active_support/callbacks.rb:113:in `call'
  activesupport (4.1.0) lib/active_support/callbacks.rb:229:in `block in halting'
  activesupport (4.1.0) lib/active_support/callbacks.rb:166:in `call'
  activesupport (4.1.0) lib/active_support/callbacks.rb:166:in `block in halting'
  activesupport (4.1.0) lib/active_support/callbacks.rb:86:in `call'
  activesupport (4.1.0) lib/active_support/callbacks.rb:86:in `run_callbacks'
  actionpack (4.1.0) lib/abstract_controller/callbacks.rb:19:in `process_action'
  actionpack (4.1.0) lib/action_controller/metal/rescue.rb:29:in `process_action'
  actionpack (4.1.0) lib/action_controller/metal/instrumentation.rb:31:in `block in process_action'
  activesupport (4.1.0) lib/active_support/notifications.rb:159:in `block in instrument'
  activesupport (4.1.0) lib/active_support/notifications/instrumenter.rb:20:in `instrument'
  activesupport (4.1.0) lib/active_support/notifications.rb:159:in `instrument'
  actionpack (4.1.0) lib/action_controller/metal/instrumentation.rb:30:in `process_action'
  actionpack (4.1.0) lib/action_controller/metal/params_wrapper.rb:250:in `process_action'
  activerecord (4.1.0) lib/active_record/railties/controller_runtime.rb:18:in `process_action'
  actionpack (4.1.0) lib/abstract_controller/base.rb:136:in `process'
  actionview (4.1.0) lib/action_view/rendering.rb:30:in `process'
  actionpack (4.1.0) lib/action_controller/metal.rb:195:in `dispatch'
  actionpack (4.1.0) lib/action_controller/metal/rack_delegation.rb:13:in `dispatch'
  actionpack (4.1.0) lib/action_controller/metal.rb:231:in `block in action'
  actionpack (4.1.0) lib/action_dispatch/routing/route_set.rb:80:in `call'
  actionpack (4.1.0) lib/action_dispatch/routing/route_set.rb:80:in `dispatch'
  actionpack (4.1.0) lib/action_dispatch/routing/route_set.rb:48:in `call'
  actionpack (4.1.0) lib/action_dispatch/journey/router.rb:71:in `block in call'
  actionpack (4.1.0) lib/action_dispatch/journey/router.rb:59:in `each'
  actionpack (4.1.0) lib/action_dispatch/journey/router.rb:59:in `call'
  actionpack (4.1.0) lib/action_dispatch/routing/route_set.rb:676:in `call'
  rack (1.5.2) lib/rack/etag.rb:23:in `call'
  rack (1.5.2) lib/rack/conditionalget.rb:25:in `call'
  rack (1.5.2) lib/rack/head.rb:11:in `call'
  actionpack (4.1.0) lib/action_dispatch/middleware/params_parser.rb:27:in `call'
  actionpack (4.1.0) lib/action_dispatch/middleware/flash.rb:254:in `call'
  rack (1.5.2) lib/rack/session/abstract/id.rb:225:in `context'
  rack (1.5.2) lib/rack/session/abstract/id.rb:220:in `call'
  actionpack (4.1.0) lib/action_dispatch/middleware/cookies.rb:560:in `call'
  activerecord (4.1.0) lib/active_record/query_cache.rb:36:in `call'
  activerecord (4.1.0) lib/active_record/connection_adapters/abstract/connection_pool.rb:621:in `call'
  activerecord (4.1.0) lib/active_record/migration.rb:380:in `call'
  actionpack (4.1.0) lib/action_dispatch/middleware/callbacks.rb:29:in `block in call'
  activesupport (4.1.0) lib/active_support/callbacks.rb:82:in `run_callbacks'
  actionpack (4.1.0) lib/action_dispatch/middleware/callbacks.rb:27:in `call'
  actionpack (4.1.0) lib/action_dispatch/middleware/reloader.rb:73:in `call'
  actionpack (4.1.0) lib/action_dispatch/middleware/remote_ip.rb:76:in `call'
  actionpack (4.1.0) lib/action_dispatch/middleware/debug_exceptions.rb:17:in `call'
  actionpack (4.1.0) lib/action_dispatch/middleware/show_exceptions.rb:30:in `call'
  railties (4.1.0) lib/rails/rack/logger.rb:38:in `call_app'
  railties (4.1.0) lib/rails/rack/logger.rb:20:in `block in call'
  activesupport (4.1.0) lib/active_support/tagged_logging.rb:68:in `block in tagged'
  activesupport (4.1.0) lib/active_support/tagged_logging.rb:26:in `tagged'
  activesupport (4.1.0) lib/active_support/tagged_logging.rb:68:in `tagged'
  railties (4.1.0) lib/rails/rack/logger.rb:20:in `call'
  actionpack (4.1.0) lib/action_dispatch/middleware/request_id.rb:21:in `call'
  rack (1.5.2) lib/rack/methodoverride.rb:21:in `call'
  rack (1.5.2) lib/rack/runtime.rb:17:in `call'
  activesupport (4.1.0) lib/active_support/cache/strategy/local_cache_middleware.rb:26:in `call'
  rack (1.5.2) lib/rack/lock.rb:17:in `call'
  actionpack (4.1.0) lib/action_dispatch/middleware/static.rb:64:in `call'
  rack (1.5.2) lib/rack/sendfile.rb:112:in `call'
  railties (4.1.0) lib/rails/engine.rb:514:in `call'
  railties (4.1.0) lib/rails/application.rb:144:in `call'
  rack (1.5.2) lib/rack/lock.rb:17:in `call'
  rack (1.5.2) lib/rack/content_length.rb:14:in `call'
  rack (1.5.2) lib/rack/handler/webrick.rb:60:in `service'
  /Users/LeoT/.rbenv/versions/2.1.1/lib/ruby/2.1.0/webrick/httpserver.rb:138:in `service'
  /Users/LeoT/.rbenv/versions/2.1.1/lib/ruby/2.1.0/webrick/httpserver.rb:94:in `run'
  /Users/LeoT/.rbenv/versions/2.1.1/lib/ruby/2.1.0/webrick/server.rb:295:in `block in start_thread'


  Rendered /Users/LeoT/.rbenv/versions/2.1.1/lib/ruby/gems/2.1.0/gems/actionpack-4.1.0/lib/action_dispatch/middleware/templates/rescues/missing_template.html.erb within rescues/layout (0.4ms)


Started GET "/" for 127.0.0.1 at 2014-07-14 16:34:48 +0800
Processing by RestaurantsController#index as HTML
  Rendered restaurants/index.html.erb within layouts/application (0.5ms)
Completed 500 Internal Server Error in 17ms

ActionView::Template::Error (couldn't find file 'turbolinks'
  (in /Users/LeoT/Dropbox/github/wdi/demo/geoduck/app/assets/javascripts/application.js:15)):
    3: <head>
    4:   <title>Geoduck</title>
    5:   <%= stylesheet_link_tag    'application', media: 'all', 'data-turbolinks-track' => true %>
    6:   <%= javascript_include_tag 'application', 'data-turbolinks-track' => true %>
    7:   <%= csrf_meta_tags %>
    8: </head>
    9: <body>
  app/views/layouts/application.html.erb:6:in `_app_views_layouts_application_html_erb__878754761733230838_70339581226060'


  Rendered /Users/LeoT/.rbenv/versions/2.1.1/lib/ruby/gems/2.1.0/gems/actionpack-4.1.0/lib/action_dispatch/middleware/templates/rescues/_trace.html.erb (1.4ms)
  Rendered /Users/LeoT/.rbenv/versions/2.1.1/lib/ruby/gems/2.1.0/gems/actionpack-4.1.0/lib/action_dispatch/middleware/templates/rescues/_request_and_response.html.erb (8.0ms)
  Rendered /Users/LeoT/.rbenv/versions/2.1.1/lib/ruby/gems/2.1.0/gems/actionpack-4.1.0/lib/action_dispatch/middleware/templates/rescues/template_error.html.erb within rescues/layout (19.5ms)


Started GET "/" for 127.0.0.1 at 2014-07-14 16:35:16 +0800
Processing by RestaurantsController#index as HTML
  Rendered restaurants/index.html.erb within layouts/application (0.0ms)
Completed 500 Internal Server Error in 14ms

ActionView::Template::Error (couldn't find file 'turbolinks'
  (in /Users/LeoT/Dropbox/github/wdi/demo/geoduck/app/assets/javascripts/application.js:15)):
    3: <head>
    4:   <title>Geoduck</title>
    5:   <%= stylesheet_link_tag    'application', media: 'all' %>
    6:   <%= javascript_include_tag 'application' %>
    7:   <%= csrf_meta_tags %>
    8: </head>
    9: <body>
  app/views/layouts/application.html.erb:6:in `_app_views_layouts_application_html_erb__878754761733230838_70339574514100'


  Rendered /Users/LeoT/.rbenv/versions/2.1.1/lib/ruby/gems/2.1.0/gems/actionpack-4.1.0/lib/action_dispatch/middleware/templates/rescues/_trace.html.erb (1.2ms)
  Rendered /Users/LeoT/.rbenv/versions/2.1.1/lib/ruby/gems/2.1.0/gems/actionpack-4.1.0/lib/action_dispatch/middleware/templates/rescues/_request_and_response.html.erb (1.0ms)
  Rendered /Users/LeoT/.rbenv/versions/2.1.1/lib/ruby/gems/2.1.0/gems/actionpack-4.1.0/lib/action_dispatch/middleware/templates/rescues/template_error.html.erb within rescues/layout (9.9ms)


Started GET "/" for 127.0.0.1 at 2014-07-14 16:35:19 +0800
Processing by RestaurantsController#index as HTML
  Rendered restaurants/index.html.erb within layouts/application (0.1ms)
Completed 500 Internal Server Error in 13ms

ActionView::Template::Error (couldn't find file 'turbolinks'
  (in /Users/LeoT/Dropbox/github/wdi/demo/geoduck/app/assets/javascripts/application.js:15)):
    3: <head>
    4:   <title>Geoduck</title>
    5:   <%= stylesheet_link_tag    'application', media: 'all' %>
    6:   <%= javascript_include_tag 'application' %>
    7:   <%= csrf_meta_tags %>
    8: </head>
    9: <body>
  app/views/layouts/application.html.erb:6:in `_app_views_layouts_application_html_erb__878754761733230838_70339574514100'


  Rendered /Users/LeoT/.rbenv/versions/2.1.1/lib/ruby/gems/2.1.0/gems/actionpack-4.1.0/lib/action_dispatch/middleware/templates/rescues/_trace.html.erb (1.1ms)
  Rendered /Users/LeoT/.rbenv/versions/2.1.1/lib/ruby/gems/2.1.0/gems/actionpack-4.1.0/lib/action_dispatch/middleware/templates/rescues/_request_and_response.html.erb (1.0ms)
  Rendered /Users/LeoT/.rbenv/versions/2.1.1/lib/ruby/gems/2.1.0/gems/actionpack-4.1.0/lib/action_dispatch/middleware/templates/rescues/template_error.html.erb within rescues/layout (9.6ms)


Started GET "/" for 127.0.0.1 at 2014-07-14 16:35:19 +0800
Processing by RestaurantsController#index as HTML
  Rendered restaurants/index.html.erb within layouts/application (0.1ms)
Completed 500 Internal Server Error in 10ms

ActionView::Template::Error (couldn't find file 'turbolinks'
  (in /Users/LeoT/Dropbox/github/wdi/demo/geoduck/app/assets/javascripts/application.js:15)):
    3: <head>
    4:   <title>Geoduck</title>
    5:   <%= stylesheet_link_tag    'application', media: 'all' %>
    6:   <%= javascript_include_tag 'application' %>
    7:   <%= csrf_meta_tags %>
    8: </head>
    9: <body>
  app/views/layouts/application.html.erb:6:in `_app_views_layouts_application_html_erb__878754761733230838_70339574514100'


  Rendered /Users/LeoT/.rbenv/versions/2.1.1/lib/ruby/gems/2.1.0/gems/actionpack-4.1.0/lib/action_dispatch/middleware/templates/rescues/_trace.html.erb (1.1ms)
  Rendered /Users/LeoT/.rbenv/versions/2.1.1/lib/ruby/gems/2.1.0/gems/actionpack-4.1.0/lib/action_dispatch/middleware/templates/rescues/_request_and_response.html.erb (0.8ms)
  Rendered /Users/LeoT/.rbenv/versions/2.1.1/lib/ruby/gems/2.1.0/gems/actionpack-4.1.0/lib/action_dispatch/middleware/templates/rescues/template_error.html.erb within rescues/layout (9.6ms)


Started GET "/" for 127.0.0.1 at 2014-07-14 16:35:19 +0800
Processing by RestaurantsController#index as HTML
  Rendered restaurants/index.html.erb within layouts/application (0.0ms)
Completed 500 Internal Server Error in 9ms

ActionView::Template::Error (couldn't find file 'turbolinks'
  (in /Users/LeoT/Dropbox/github/wdi/demo/geoduck/app/assets/javascripts/application.js:15)):
    3: <head>
    4:   <title>Geoduck</title>
    5:   <%= stylesheet_link_tag    'application', media: 'all' %>
    6:   <%= javascript_include_tag 'application' %>
    7:   <%= csrf_meta_tags %>
    8: </head>
    9: <body>
  app/views/layouts/application.html.erb:6:in `_app_views_layouts_application_html_erb__878754761733230838_70339574514100'


  Rendered /Users/LeoT/.rbenv/versions/2.1.1/lib/ruby/gems/2.1.0/gems/actionpack-4.1.0/lib/action_dispatch/middleware/templates/rescues/_trace.html.erb (1.0ms)
  Rendered /Users/LeoT/.rbenv/versions/2.1.1/lib/ruby/gems/2.1.0/gems/actionpack-4.1.0/lib/action_dispatch/middleware/templates/rescues/_request_and_response.html.erb (0.7ms)
  Rendered /Users/LeoT/.rbenv/versions/2.1.1/lib/ruby/gems/2.1.0/gems/actionpack-4.1.0/lib/action_dispatch/middleware/templates/rescues/template_error.html.erb within rescues/layout (9.2ms)


Started GET "/" for 127.0.0.1 at 2014-07-14 16:35:20 +0800
Processing by RestaurantsController#index as HTML
  Rendered restaurants/index.html.erb within layouts/application (0.0ms)
Completed 500 Internal Server Error in 9ms

ActionView::Template::Error (couldn't find file 'turbolinks'
  (in /Users/LeoT/Dropbox/github/wdi/demo/geoduck/app/assets/javascripts/application.js:15)):
    3: <head>
    4:   <title>Geoduck</title>
    5:   <%= stylesheet_link_tag    'application', media: 'all' %>
    6:   <%= javascript_include_tag 'application' %>
    7:   <%= csrf_meta_tags %>
    8: </head>
    9: <body>
  app/views/layouts/application.html.erb:6:in `_app_views_layouts_application_html_erb__878754761733230838_70339574514100'


  Rendered /Users/LeoT/.rbenv/versions/2.1.1/lib/ruby/gems/2.1.0/gems/actionpack-4.1.0/lib/action_dispatch/middleware/templates/rescues/_trace.html.erb (1.0ms)
  Rendered /Users/LeoT/.rbenv/versions/2.1.1/lib/ruby/gems/2.1.0/gems/actionpack-4.1.0/lib/action_dispatch/middleware/templates/rescues/_request_and_response.html.erb (1.0ms)
  Rendered /Users/LeoT/.rbenv/versions/2.1.1/lib/ruby/gems/2.1.0/gems/actionpack-4.1.0/lib/action_dispatch/middleware/templates/rescues/template_error.html.erb within rescues/layout (9.9ms)


Started GET "/" for 127.0.0.1 at 2014-07-14 16:35:20 +0800
Processing by RestaurantsController#index as HTML
  Rendered restaurants/index.html.erb within layouts/application (0.0ms)
Completed 500 Internal Server Error in 10ms

ActionView::Template::Error (couldn't find file 'turbolinks'
  (in /Users/LeoT/Dropbox/github/wdi/demo/geoduck/app/assets/javascripts/application.js:15)):
    3: <head>
    4:   <title>Geoduck</title>
    5:   <%= stylesheet_link_tag    'application', media: 'all' %>
    6:   <%= javascript_include_tag 'application' %>
    7:   <%= csrf_meta_tags %>
    8: </head>
    9: <body>
  app/views/layouts/application.html.erb:6:in `_app_views_layouts_application_html_erb__878754761733230838_70339574514100'


  Rendered /Users/LeoT/.rbenv/versions/2.1.1/lib/ruby/gems/2.1.0/gems/actionpack-4.1.0/lib/action_dispatch/middleware/templates/rescues/_trace.html.erb (1.0ms)
  Rendered /Users/LeoT/.rbenv/versions/2.1.1/lib/ruby/gems/2.1.0/gems/actionpack-4.1.0/lib/action_dispatch/middleware/templates/rescues/_request_and_response.html.erb (0.7ms)
  Rendered /Users/LeoT/.rbenv/versions/2.1.1/lib/ruby/gems/2.1.0/gems/actionpack-4.1.0/lib/action_dispatch/middleware/templates/rescues/template_error.html.erb within rescues/layout (9.2ms)


Started GET "/" for 127.0.0.1 at 2014-07-14 16:35:36 +0800
Processing by RestaurantsController#index as HTML
  Rendered restaurants/index.html.erb within layouts/application (0.0ms)
Completed 200 OK in 29ms (Views: 28.8ms | ActiveRecord: 0.0ms)


Started GET "/assets/application.css?body=1" for 127.0.0.1 at 2014-07-14 16:35:36 +0800


Started GET "/assets/jquery.js?body=1" for 127.0.0.1 at 2014-07-14 16:35:36 +0800


Started GET "/assets/application.js?body=1" for 127.0.0.1 at 2014-07-14 16:35:36 +0800


Started GET "/assets/jquery_ujs.js?body=1" for 127.0.0.1 at 2014-07-14 16:35:36 +0800


Started GET "/" for 127.0.0.1 at 2014-07-14 16:35:58 +0800
Processing by RestaurantsController#index as HTML
Completed 500 Internal Server Error in 1ms

NameError (uninitialized constant RestaurantsController::Restaurants):
  app/controllers/restaurants_controller.rb:4:in `index'


  Rendered /Users/LeoT/.rbenv/versions/2.1.1/lib/ruby/gems/2.1.0/gems/actionpack-4.1.0/lib/action_dispatch/middleware/templates/rescues/_source.erb (0.6ms)
  Rendered /Users/LeoT/.rbenv/versions/2.1.1/lib/ruby/gems/2.1.0/gems/actionpack-4.1.0/lib/action_dispatch/middleware/templates/rescues/_trace.html.erb (0.9ms)
  Rendered /Users/LeoT/.rbenv/versions/2.1.1/lib/ruby/gems/2.1.0/gems/actionpack-4.1.0/lib/action_dispatch/middleware/templates/rescues/_request_and_response.html.erb (1.2ms)
  Rendered /Users/LeoT/.rbenv/versions/2.1.1/lib/ruby/gems/2.1.0/gems/actionpack-4.1.0/lib/action_dispatch/middleware/templates/rescues/diagnostics.erb within rescues/layout (15.0ms)


Started GET "/" for 127.0.0.1 at 2014-07-14 16:36:08 +0800
Processing by RestaurantsController#index as HTML
  Rendered restaurants/index.html.erb within layouts/application (0.1ms)
Completed 200 OK in 8ms (Views: 3.1ms | ActiveRecord: 0.0ms)


Started GET "/assets/application.css?body=1" for 127.0.0.1 at 2014-07-14 16:36:08 +0800


Started GET "/assets/jquery_ujs.js?body=1" for 127.0.0.1 at 2014-07-14 16:36:08 +0800


Started GET "/assets/jquery.js?body=1" for 127.0.0.1 at 2014-07-14 16:36:08 +0800


Started GET "/assets/application.js?body=1" for 127.0.0.1 at 2014-07-14 16:36:08 +0800


Started GET "/" for 127.0.0.1 at 2014-07-14 16:37:46 +0800
Processing by RestaurantsController#index as HTML
  [1m[35mRestaurant Load (0.3ms)[0m  SELECT "restaurants".* FROM "restaurants"
  Rendered restaurants/index.html.erb within layouts/application (5.1ms)
Completed 200 OK in 9ms (Views: 8.5ms | ActiveRecord: 0.4ms)


Started GET "/assets/application.css?body=1" for 127.0.0.1 at 2014-07-14 16:37:46 +0800


Started GET "/assets/jquery_ujs.js?body=1" for 127.0.0.1 at 2014-07-14 16:37:46 +0800


Started GET "/assets/jquery.js?body=1" for 127.0.0.1 at 2014-07-14 16:37:46 +0800


Started GET "/assets/application.js?body=1" for 127.0.0.1 at 2014-07-14 16:37:46 +0800


Started GET "/" for 127.0.0.1 at 2014-07-14 16:38:02 +0800
Processing by RestaurantsController#index as HTML
  [1m[36mRestaurant Load (0.2ms)[0m  [1mSELECT "restaurants".* FROM "restaurants"[0m
  Rendered restaurants/index.html.erb within layouts/application (2.4ms)
Completed 500 Internal Server Error in 4ms

ActionView::Template::Error (undefined method `longitute' for #<Restaurant:0x007ff2690da940>):
     5:     <% @restaurants.each do |r| %>
     6:       <li class="restaurant">
     7:         <%= r.name %>
     8:         <%= r.longitute %>
     9:       </li>
    10:     <% end %>
    11:   </ul>
  app/views/restaurants/index.html.erb:8:in `block in _app_views_restaurants_index_html_erb___1400530728880837895_70339560919300'
  app/views/restaurants/index.html.erb:5:in `_app_views_restaurants_index_html_erb___1400530728880837895_70339560919300'


  Rendered /Users/LeoT/.rbenv/versions/2.1.1/lib/ruby/gems/2.1.0/gems/actionpack-4.1.0/lib/action_dispatch/middleware/templates/rescues/_trace.html.erb (1.0ms)
  Rendered /Users/LeoT/.rbenv/versions/2.1.1/lib/ruby/gems/2.1.0/gems/actionpack-4.1.0/lib/action_dispatch/middleware/templates/rescues/_request_and_response.html.erb (0.9ms)
  Rendered /Users/LeoT/.rbenv/versions/2.1.1/lib/ruby/gems/2.1.0/gems/actionpack-4.1.0/lib/action_dispatch/middleware/templates/rescues/template_error.html.erb within rescues/layout (9.6ms)


Started GET "/" for 127.0.0.1 at 2014-07-14 16:38:38 +0800
Processing by RestaurantsController#index as HTML
  [1m[35mRestaurant Load (0.2ms)[0m  SELECT "restaurants".* FROM "restaurants"
  Rendered restaurants/index.html.erb within layouts/application (1.0ms)
Completed 200 OK in 4ms (Views: 3.6ms | ActiveRecord: 0.2ms)


Started GET "/assets/application.css?body=1" for 127.0.0.1 at 2014-07-14 16:38:38 +0800


Started GET "/assets/jquery_ujs.js?body=1" for 127.0.0.1 at 2014-07-14 16:38:38 +0800


Started GET "/assets/jquery.js?body=1" for 127.0.0.1 at 2014-07-14 16:38:38 +0800


Started GET "/assets/application.js?body=1" for 127.0.0.1 at 2014-07-14 16:38:38 +0800


Started GET "/" for 127.0.0.1 at 2014-07-14 16:38:52 +0800
Processing by RestaurantsController#index as HTML
  [1m[36mRestaurant Load (0.1ms)[0m  [1mSELECT "restaurants".* FROM "restaurants"[0m
  Rendered restaurants/index.html.erb within layouts/application (1.0ms)
Completed 200 OK in 4ms (Views: 3.7ms | ActiveRecord: 0.1ms)


Started GET "/assets/application.css?body=1" for 127.0.0.1 at 2014-07-14 16:38:52 +0800


Started GET "/assets/jquery.js?body=1" for 127.0.0.1 at 2014-07-14 16:38:52 +0800


Started GET "/assets/jquery_ujs.js?body=1" for 127.0.0.1 at 2014-07-14 16:38:52 +0800


Started GET "/assets/application.js?body=1" for 127.0.0.1 at 2014-07-14 16:38:52 +0800


Started GET "/" for 127.0.0.1 at 2014-07-14 16:39:02 +0800
Processing by RestaurantsController#index as HTML
  [1m[35mRestaurant Load (0.2ms)[0m  SELECT "restaurants".* FROM "restaurants"
  Rendered restaurants/index.html.erb within layouts/application (1.3ms)
Completed 200 OK in 6ms (Views: 5.2ms | ActiveRecord: 0.2ms)


Started GET "/assets/application.css?body=1" for 127.0.0.1 at 2014-07-14 16:39:02 +0800


Started GET "/assets/jquery_ujs.js?body=1" for 127.0.0.1 at 2014-07-14 16:39:02 +0800


Started GET "/assets/application.js?body=1" for 127.0.0.1 at 2014-07-14 16:39:02 +0800


Started GET "/assets/jquery.js?body=1" for 127.0.0.1 at 2014-07-14 16:39:02 +0800


Started GET "/" for 127.0.0.1 at 2014-07-14 16:50:48 +0800
Processing by RestaurantsController#index as HTML
  [1m[36mRestaurant Load (0.1ms)[0m  [1mSELECT "restaurants".* FROM "restaurants"[0m
  Rendered restaurants/index.html.erb within layouts/application (1.0ms)
Completed 200 OK in 22ms (Views: 21.5ms | ActiveRecord: 0.1ms)


Started GET "/assets/application.css?body=1" for 127.0.0.1 at 2014-07-14 16:50:48 +0800


Started GET "/assets/jquery.js?body=1" for 127.0.0.1 at 2014-07-14 16:50:48 +0800


Started GET "/assets/jquery_ujs.js?body=1" for 127.0.0.1 at 2014-07-14 16:50:48 +0800


Started GET "/assets/application.js?body=1" for 127.0.0.1 at 2014-07-14 16:50:48 +0800


Started GET "/assets/main.css?body=1" for 127.0.0.1 at 2014-07-14 16:50:48 +0800


Started GET "/" for 127.0.0.1 at 2014-07-14 16:52:41 +0800
Processing by RestaurantsController#index as HTML
  [1m[35mRestaurant Load (0.1ms)[0m  SELECT "restaurants".* FROM "restaurants"
  Rendered restaurants/index.html.erb within layouts/application (1.2ms)
Completed 200 OK in 132ms (Views: 131.4ms | ActiveRecord: 0.1ms)


Started GET "/assets/main.css?body=1" for 127.0.0.1 at 2014-07-14 16:52:41 +0800


Started GET "/assets/application.css?body=1" for 127.0.0.1 at 2014-07-14 16:52:41 +0800


Started GET "/assets/application.js?body=1" for 127.0.0.1 at 2014-07-14 16:52:41 +0800


Started GET "/assets/jquery.js?body=1" for 127.0.0.1 at 2014-07-14 16:52:41 +0800


Started GET "/assets/jquery_ujs.js?body=1" for 127.0.0.1 at 2014-07-14 16:52:41 +0800


Started GET "/assets/main.js?body=1" for 127.0.0.1 at 2014-07-14 16:52:41 +0800


Started GET "/" for 127.0.0.1 at 2014-07-14 16:52:54 +0800
Processing by RestaurantsController#index as HTML
  [1m[36mRestaurant Load (0.2ms)[0m  [1mSELECT "restaurants".* FROM "restaurants"[0m
  Rendered restaurants/index.html.erb within layouts/application (0.7ms)
Completed 200 OK in 5ms (Views: 4.8ms | ActiveRecord: 0.2ms)


Started GET "/assets/main.css?body=1" for 127.0.0.1 at 2014-07-14 16:52:54 +0800


Started GET "/assets/application.css?body=1" for 127.0.0.1 at 2014-07-14 16:52:54 +0800


Started GET "/assets/main.js?body=1" for 127.0.0.1 at 2014-07-14 16:52:54 +0800


Started GET "/assets/jquery.js?body=1" for 127.0.0.1 at 2014-07-14 16:52:54 +0800


Started GET "/assets/jquery_ujs.js?body=1" for 127.0.0.1 at 2014-07-14 16:52:54 +0800


Started GET "/assets/application.js?body=1" for 127.0.0.1 at 2014-07-14 16:52:54 +0800


Started GET "/" for 127.0.0.1 at 2014-07-14 16:55:41 +0800
Processing by RestaurantsController#index as HTML
  [1m[35mRestaurant Load (0.1ms)[0m  SELECT "restaurants".* FROM "restaurants"
  Rendered restaurants/index.html.erb within layouts/application (0.6ms)
Completed 200 OK in 152ms (Views: 151.2ms | ActiveRecord: 0.1ms)


Started GET "/assets/application.css?body=1" for 127.0.0.1 at 2014-07-14 16:55:41 +0800


Started GET "/assets/main.css?body=1" for 127.0.0.1 at 2014-07-14 16:55:41 +0800


Started GET "/assets/jquery.js?body=1" for 127.0.0.1 at 2014-07-14 16:55:41 +0800


Started GET "/assets/jquery_ujs.js?body=1" for 127.0.0.1 at 2014-07-14 16:55:41 +0800


Started GET "/assets/application.js?body=1" for 127.0.0.1 at 2014-07-14 16:55:41 +0800


Started GET "/assets/main.js?body=1" for 127.0.0.1 at 2014-07-14 16:55:41 +0800


Started GET "/" for 127.0.0.1 at 2014-07-14 16:57:50 +0800
Processing by RestaurantsController#index as HTML
  [1m[36mRestaurant Load (0.3ms)[0m  [1mSELECT "restaurants".* FROM "restaurants"[0m
  Rendered restaurants/index.html.erb within layouts/application (0.8ms)
Completed 200 OK in 136ms (Views: 135.4ms | ActiveRecord: 0.3ms)


Started GET "/assets/main.css?body=1" for 127.0.0.1 at 2014-07-14 16:57:50 +0800


Started GET "/assets/jquery.js?body=1" for 127.0.0.1 at 2014-07-14 16:57:50 +0800


Started GET "/assets/main.js?body=1" for 127.0.0.1 at 2014-07-14 16:57:50 +0800


Started GET "/assets/application.css?body=1" for 127.0.0.1 at 2014-07-14 16:57:50 +0800


Started GET "/assets/jquery_ujs.js?body=1" for 127.0.0.1 at 2014-07-14 16:57:50 +0800


Started GET "/assets/application.js?body=1" for 127.0.0.1 at 2014-07-14 16:57:50 +0800


Started GET "/" for 127.0.0.1 at 2014-07-14 16:58:20 +0800
Processing by RestaurantsController#index as HTML
  [1m[35mRestaurant Load (0.2ms)[0m  SELECT "restaurants".* FROM "restaurants"
  Rendered restaurants/index.html.erb within layouts/application (0.7ms)
Completed 200 OK in 4ms (Views: 3.8ms | ActiveRecord: 0.2ms)


Started GET "/assets/application.css?body=1" for 127.0.0.1 at 2014-07-14 16:58:20 +0800


Started GET "/assets/main.js?body=1" for 127.0.0.1 at 2014-07-14 16:58:20 +0800


Started GET "/assets/jquery_ujs.js?body=1" for 127.0.0.1 at 2014-07-14 16:58:20 +0800


Started GET "/assets/jquery.js?body=1" for 127.0.0.1 at 2014-07-14 16:58:20 +0800


Started GET "/assets/application.js?body=1" for 127.0.0.1 at 2014-07-14 16:58:20 +0800


Started GET "/assets/main.css?body=1" for 127.0.0.1 at 2014-07-14 16:58:20 +0800


Started GET "/" for 127.0.0.1 at 2014-07-14 16:58:47 +0800
Processing by RestaurantsController#index as HTML
  [1m[36mRestaurant Load (0.1ms)[0m  [1mSELECT "restaurants".* FROM "restaurants"[0m
  Rendered restaurants/index.html.erb within layouts/application (0.5ms)
Completed 200 OK in 134ms (Views: 133.6ms | ActiveRecord: 0.1ms)


Started GET "/assets/main.css?body=1" for 127.0.0.1 at 2014-07-14 16:58:47 +0800


Started GET "/assets/application.css?body=1" for 127.0.0.1 at 2014-07-14 16:58:47 +0800


Started GET "/assets/jquery_ujs.js?body=1" for 127.0.0.1 at 2014-07-14 16:58:47 +0800


Started GET "/assets/jquery.js?body=1" for 127.0.0.1 at 2014-07-14 16:58:47 +0800


Started GET "/assets/application.js?body=1" for 127.0.0.1 at 2014-07-14 16:58:47 +0800


Started GET "/assets/main.js?body=1" for 127.0.0.1 at 2014-07-14 16:58:47 +0800


Started GET "/" for 127.0.0.1 at 2014-07-14 16:59:51 +0800
Processing by RestaurantsController#index as HTML
  [1m[35mRestaurant Load (0.1ms)[0m  SELECT "restaurants".* FROM "restaurants"
  Rendered restaurants/index.html.erb within layouts/application (0.6ms)
Completed 200 OK in 137ms (Views: 136.8ms | ActiveRecord: 0.1ms)


Started GET "/assets/main.css?body=1" for 127.0.0.1 at 2014-07-14 16:59:51 +0800


Started GET "/assets/application.css?body=1" for 127.0.0.1 at 2014-07-14 16:59:51 +0800


Started GET "/assets/jquery.js?body=1" for 127.0.0.1 at 2014-07-14 16:59:51 +0800


Started GET "/assets/jquery_ujs.js?body=1" for 127.0.0.1 at 2014-07-14 16:59:51 +0800


Started GET "/assets/main.js?body=1" for 127.0.0.1 at 2014-07-14 16:59:51 +0800


Started GET "/assets/application.js?body=1" for 127.0.0.1 at 2014-07-14 16:59:51 +0800


Started GET "/" for 127.0.0.1 at 2014-07-14 17:02:55 +0800
Processing by RestaurantsController#index as HTML
  [1m[36mRestaurant Load (0.1ms)[0m  [1mSELECT "restaurants".* FROM "restaurants"[0m
  Rendered restaurants/index.html.erb within layouts/application (0.6ms)
Completed 200 OK in 126ms (Views: 125.5ms | ActiveRecord: 0.1ms)


Started GET "/assets/main.css?body=1" for 127.0.0.1 at 2014-07-14 17:02:55 +0800


Started GET "/assets/jquery.js?body=1" for 127.0.0.1 at 2014-07-14 17:02:55 +0800


Started GET "/assets/application.css?body=1" for 127.0.0.1 at 2014-07-14 17:02:55 +0800


Started GET "/assets/jquery_ujs.js?body=1" for 127.0.0.1 at 2014-07-14 17:02:55 +0800


Started GET "/assets/main.js?body=1" for 127.0.0.1 at 2014-07-14 17:02:55 +0800


Started GET "/assets/application.js?body=1" for 127.0.0.1 at 2014-07-14 17:02:55 +0800


Started GET "/" for 127.0.0.1 at 2014-07-14 17:03:47 +0800
Processing by RestaurantsController#index as HTML
  [1m[35mRestaurant Load (0.2ms)[0m  SELECT "restaurants".* FROM "restaurants"
  Rendered restaurants/index.html.erb within layouts/application (0.9ms)
Completed 200 OK in 142ms (Views: 141.7ms | ActiveRecord: 0.2ms)


Started GET "/assets/application.css?body=1" for 127.0.0.1 at 2014-07-14 17:03:47 +0800


Started GET "/assets/main.css?body=1" for 127.0.0.1 at 2014-07-14 17:03:47 +0800


Started GET "/assets/main.js?body=1" for 127.0.0.1 at 2014-07-14 17:03:47 +0800


Started GET "/assets/jquery.js?body=1" for 127.0.0.1 at 2014-07-14 17:03:47 +0800


Started GET "/assets/application.js?body=1" for 127.0.0.1 at 2014-07-14 17:03:47 +0800


Started GET "/assets/jquery_ujs.js?body=1" for 127.0.0.1 at 2014-07-14 17:03:47 +0800


Started GET "/" for 127.0.0.1 at 2014-07-14 17:03:53 +0800
Processing by RestaurantsController#index as HTML
  [1m[36mRestaurant Load (0.2ms)[0m  [1mSELECT "restaurants".* FROM "restaurants"[0m
  Rendered restaurants/index.html.erb within layouts/application (0.7ms)
Completed 200 OK in 4ms (Views: 3.8ms | ActiveRecord: 0.2ms)


Started GET "/assets/main.css?body=1" for 127.0.0.1 at 2014-07-14 17:03:53 +0800


Started GET "/assets/jquery_ujs.js?body=1" for 127.0.0.1 at 2014-07-14 17:03:53 +0800


Started GET "/assets/application.js?body=1" for 127.0.0.1 at 2014-07-14 17:03:53 +0800


Started GET "/assets/jquery.js?body=1" for 127.0.0.1 at 2014-07-14 17:03:53 +0800


Started GET "/assets/application.css?body=1" for 127.0.0.1 at 2014-07-14 17:03:53 +0800


Started GET "/assets/main.js?body=1" for 127.0.0.1 at 2014-07-14 17:03:53 +0800


Started GET "/" for 127.0.0.1 at 2014-07-14 17:04:02 +0800
Processing by RestaurantsController#index as HTML
  [1m[35mRestaurant Load (0.1ms)[0m  SELECT "restaurants".* FROM "restaurants"
  Rendered restaurants/index.html.erb within layouts/application (0.6ms)
Completed 200 OK in 140ms (Views: 139.3ms | ActiveRecord: 0.1ms)


Started GET "/assets/main.css?body=1" for 127.0.0.1 at 2014-07-14 17:04:03 +0800


Started GET "/assets/jquery.js?body=1" for 127.0.0.1 at 2014-07-14 17:04:03 +0800


Started GET "/assets/application.js?body=1" for 127.0.0.1 at 2014-07-14 17:04:03 +0800


Started GET "/assets/main.js?body=1" for 127.0.0.1 at 2014-07-14 17:04:03 +0800


Started GET "/assets/jquery_ujs.js?body=1" for 127.0.0.1 at 2014-07-14 17:04:03 +0800


Started GET "/assets/application.css?body=1" for 127.0.0.1 at 2014-07-14 17:04:03 +0800


Started GET "/" for 127.0.0.1 at 2014-07-14 17:04:25 +0800
Processing by RestaurantsController#index as HTML
  [1m[36mRestaurant Load (0.2ms)[0m  [1mSELECT "restaurants".* FROM "restaurants"[0m
  Rendered restaurants/index.html.erb within layouts/application (0.8ms)
Completed 200 OK in 142ms (Views: 141.3ms | ActiveRecord: 0.2ms)


Started GET "/assets/main.css?body=1" for 127.0.0.1 at 2014-07-14 17:04:25 +0800


Started GET "/assets/jquery_ujs.js?body=1" for 127.0.0.1 at 2014-07-14 17:04:25 +0800


Started GET "/assets/application.css?body=1" for 127.0.0.1 at 2014-07-14 17:04:25 +0800


Started GET "/assets/jquery.js?body=1" for 127.0.0.1 at 2014-07-14 17:04:25 +0800


Started GET "/assets/main.js?body=1" for 127.0.0.1 at 2014-07-14 17:04:25 +0800


Started GET "/assets/application.js?body=1" for 127.0.0.1 at 2014-07-14 17:04:25 +0800


Started GET "/" for 127.0.0.1 at 2014-07-14 17:05:05 +0800
Processing by RestaurantsController#index as HTML
  [1m[35mRestaurant Load (0.2ms)[0m  SELECT "restaurants".* FROM "restaurants"
  Rendered restaurants/index.html.erb within layouts/application (0.7ms)
Completed 200 OK in 139ms (Views: 138.8ms | ActiveRecord: 0.2ms)


Started GET "/assets/main.css?body=1" for 127.0.0.1 at 2014-07-14 17:05:05 +0800


Started GET "/assets/application.css?body=1" for 127.0.0.1 at 2014-07-14 17:05:06 +0800


Started GET "/assets/jquery_ujs.js?body=1" for 127.0.0.1 at 2014-07-14 17:05:06 +0800


Started GET "/assets/main.js?body=1" for 127.0.0.1 at 2014-07-14 17:05:06 +0800


Started GET "/assets/jquery.js?body=1" for 127.0.0.1 at 2014-07-14 17:05:06 +0800


Started GET "/assets/application.js?body=1" for 127.0.0.1 at 2014-07-14 17:05:06 +0800


Started GET "/" for 127.0.0.1 at 2014-07-14 17:05:28 +0800
Processing by RestaurantsController#index as HTML
  [1m[36mRestaurant Load (0.2ms)[0m  [1mSELECT "restaurants".* FROM "restaurants"[0m
  Rendered restaurants/index.html.erb within layouts/application (1.2ms)
Completed 200 OK in 139ms (Views: 138.2ms | ActiveRecord: 0.2ms)


Started GET "/assets/main.css?body=1" for 127.0.0.1 at 2014-07-14 17:05:28 +0800


Started GET "/assets/application.js?body=1" for 127.0.0.1 at 2014-07-14 17:05:28 +0800


Started GET "/assets/jquery_ujs.js?body=1" for 127.0.0.1 at 2014-07-14 17:05:28 +0800


Started GET "/assets/main.js?body=1" for 127.0.0.1 at 2014-07-14 17:05:28 +0800


Started GET "/assets/application.css?body=1" for 127.0.0.1 at 2014-07-14 17:05:28 +0800


Started GET "/assets/jquery.js?body=1" for 127.0.0.1 at 2014-07-14 17:05:28 +0800


Started GET "/" for 127.0.0.1 at 2014-07-14 17:05:30 +0800
Processing by RestaurantsController#index as HTML
  [1m[35mRestaurant Load (0.4ms)[0m  SELECT "restaurants".* FROM "restaurants"
  Rendered restaurants/index.html.erb within layouts/application (1.4ms)
Completed 200 OK in 7ms (Views: 6.1ms | ActiveRecord: 0.4ms)


Started GET "/assets/main.css?body=1" for 127.0.0.1 at 2014-07-14 17:05:30 +0800


Started GET "/assets/jquery_ujs.js?body=1" for 127.0.0.1 at 2014-07-14 17:05:30 +0800


Started GET "/assets/application.css?body=1" for 127.0.0.1 at 2014-07-14 17:05:30 +0800


Started GET "/assets/jquery.js?body=1" for 127.0.0.1 at 2014-07-14 17:05:30 +0800


Started GET "/assets/application.js?body=1" for 127.0.0.1 at 2014-07-14 17:05:30 +0800


Started GET "/assets/main.js?body=1" for 127.0.0.1 at 2014-07-14 17:05:30 +0800


Started GET "/" for 127.0.0.1 at 2014-07-14 17:05:40 +0800
Processing by RestaurantsController#index as HTML
  [1m[36mRestaurant Load (0.2ms)[0m  [1mSELECT "restaurants".* FROM "restaurants"[0m
  Rendered restaurants/index.html.erb within layouts/application (0.8ms)
Completed 200 OK in 138ms (Views: 137.6ms | ActiveRecord: 0.2ms)


Started GET "/assets/main.css?body=1" for 127.0.0.1 at 2014-07-14 17:05:40 +0800


Started GET "/assets/application.js?body=1" for 127.0.0.1 at 2014-07-14 17:05:40 +0800


Started GET "/assets/application.css?body=1" for 127.0.0.1 at 2014-07-14 17:05:40 +0800


Started GET "/assets/jquery_ujs.js?body=1" for 127.0.0.1 at 2014-07-14 17:05:40 +0800


Started GET "/assets/main.js?body=1" for 127.0.0.1 at 2014-07-14 17:05:40 +0800


Started GET "/assets/jquery.js?body=1" for 127.0.0.1 at 2014-07-14 17:05:40 +0800


Started GET "/" for 127.0.0.1 at 2014-07-14 17:09:12 +0800
Processing by RestaurantsController#index as HTML
  [1m[35mRestaurant Load (0.2ms)[0m  SELECT "restaurants".* FROM "restaurants"
  Rendered restaurants/index.html.erb within layouts/application (1.2ms)
Completed 200 OK in 146ms (Views: 145.6ms | ActiveRecord: 0.2ms)


Started GET "/assets/main.css?body=1" for 127.0.0.1 at 2014-07-14 17:09:12 +0800


Started GET "/assets/application.js?body=1" for 127.0.0.1 at 2014-07-14 17:09:12 +0800


Started GET "/assets/application.css?body=1" for 127.0.0.1 at 2014-07-14 17:09:12 +0800


Started GET "/assets/main.js?body=1" for 127.0.0.1 at 2014-07-14 17:09:12 +0800


Started GET "/assets/jquery_ujs.js?body=1" for 127.0.0.1 at 2014-07-14 17:09:12 +0800


Started GET "/assets/jquery.js?body=1" for 127.0.0.1 at 2014-07-14 17:09:12 +0800


Started GET "/" for 127.0.0.1 at 2014-07-14 17:09:34 +0800
Processing by RestaurantsController#index as HTML
  [1m[36mRestaurant Load (0.2ms)[0m  [1mSELECT "restaurants".* FROM "restaurants"[0m
  Rendered restaurants/index.html.erb within layouts/application (0.7ms)
Completed 200 OK in 143ms (Views: 142.7ms | ActiveRecord: 0.2ms)


Started GET "/assets/main.css?body=1" for 127.0.0.1 at 2014-07-14 17:09:34 +0800


Started GET "/assets/jquery.js?body=1" for 127.0.0.1 at 2014-07-14 17:09:34 +0800


Started GET "/assets/main.js?body=1" for 127.0.0.1 at 2014-07-14 17:09:34 +0800


Started GET "/assets/application.css?body=1" for 127.0.0.1 at 2014-07-14 17:09:34 +0800


Started GET "/assets/jquery_ujs.js?body=1" for 127.0.0.1 at 2014-07-14 17:09:34 +0800


Started GET "/assets/application.js?body=1" for 127.0.0.1 at 2014-07-14 17:09:34 +0800


Started GET "/" for 127.0.0.1 at 2014-07-14 17:09:48 +0800
Processing by RestaurantsController#index as HTML
  [1m[35mRestaurant Load (0.2ms)[0m  SELECT "restaurants".* FROM "restaurants"
  Rendered restaurants/index.html.erb within layouts/application (0.8ms)
Completed 200 OK in 150ms (Views: 149.2ms | ActiveRecord: 0.2ms)


Started GET "/assets/main.css?body=1" for 127.0.0.1 at 2014-07-14 17:09:48 +0800


Started GET "/assets/jquery_ujs.js?body=1" for 127.0.0.1 at 2014-07-14 17:09:48 +0800


Started GET "/assets/application.css?body=1" for 127.0.0.1 at 2014-07-14 17:09:48 +0800


Started GET "/assets/jquery.js?body=1" for 127.0.0.1 at 2014-07-14 17:09:48 +0800


Started GET "/assets/main.js?body=1" for 127.0.0.1 at 2014-07-14 17:09:48 +0800


Started GET "/assets/application.js?body=1" for 127.0.0.1 at 2014-07-14 17:09:48 +0800


Started GET "/" for 127.0.0.1 at 2014-07-14 17:09:53 +0800
Processing by RestaurantsController#index as HTML
  [1m[36mRestaurant Load (0.2ms)[0m  [1mSELECT "restaurants".* FROM "restaurants"[0m
  Rendered restaurants/index.html.erb within layouts/application (0.8ms)
Completed 200 OK in 6ms (Views: 5.1ms | ActiveRecord: 0.2ms)


Started GET "/assets/main.css?body=1" for 127.0.0.1 at 2014-07-14 17:09:53 +0800


Started GET "/assets/application.css?body=1" for 127.0.0.1 at 2014-07-14 17:09:53 +0800


Started GET "/assets/main.js?body=1" for 127.0.0.1 at 2014-07-14 17:09:53 +0800


Started GET "/assets/jquery.js?body=1" for 127.0.0.1 at 2014-07-14 17:09:53 +0800


Started GET "/assets/jquery_ujs.js?body=1" for 127.0.0.1 at 2014-07-14 17:09:53 +0800


Started GET "/assets/application.js?body=1" for 127.0.0.1 at 2014-07-14 17:09:53 +0800


Started GET "/" for 127.0.0.1 at 2014-07-14 17:10:10 +0800
Processing by RestaurantsController#index as HTML
  [1m[35mRestaurant Load (0.2ms)[0m  SELECT "restaurants".* FROM "restaurants"
  Rendered restaurants/index.html.erb within layouts/application (0.8ms)
Completed 200 OK in 157ms (Views: 156.5ms | ActiveRecord: 0.2ms)


Started GET "/assets/main.css?body=1" for 127.0.0.1 at 2014-07-14 17:10:11 +0800


Started GET "/assets/application.css?body=1" for 127.0.0.1 at 2014-07-14 17:10:11 +0800


Started GET "/assets/main.js?body=1" for 127.0.0.1 at 2014-07-14 17:10:11 +0800


Started GET "/assets/jquery.js?body=1" for 127.0.0.1 at 2014-07-14 17:10:11 +0800


Started GET "/assets/jquery_ujs.js?body=1" for 127.0.0.1 at 2014-07-14 17:10:11 +0800


Started GET "/assets/application.js?body=1" for 127.0.0.1 at 2014-07-14 17:10:11 +0800


Started GET "/" for 127.0.0.1 at 2014-07-14 17:10:21 +0800
Processing by RestaurantsController#index as HTML
  [1m[36mRestaurant Load (0.2ms)[0m  [1mSELECT "restaurants".* FROM "restaurants"[0m
  Rendered restaurants/index.html.erb within layouts/application (0.7ms)
Completed 200 OK in 146ms (Views: 145.1ms | ActiveRecord: 0.2ms)


Started GET "/assets/main.css?body=1" for 127.0.0.1 at 2014-07-14 17:10:22 +0800


Started GET "/assets/jquery_ujs.js?body=1" for 127.0.0.1 at 2014-07-14 17:10:22 +0800


Started GET "/assets/application.css?body=1" for 127.0.0.1 at 2014-07-14 17:10:22 +0800


Started GET "/assets/jquery.js?body=1" for 127.0.0.1 at 2014-07-14 17:10:22 +0800


Started GET "/assets/application.js?body=1" for 127.0.0.1 at 2014-07-14 17:10:22 +0800


Started GET "/assets/main.js?body=1" for 127.0.0.1 at 2014-07-14 17:10:22 +0800


Started GET "/" for 127.0.0.1 at 2014-07-14 17:10:37 +0800
Processing by RestaurantsController#index as HTML
  [1m[35mRestaurant Load (0.2ms)[0m  SELECT "restaurants".* FROM "restaurants"
  Rendered restaurants/index.html.erb within layouts/application (0.6ms)
Completed 200 OK in 148ms (Views: 147.4ms | ActiveRecord: 0.2ms)


Started GET "/assets/application.css?body=1" for 127.0.0.1 at 2014-07-14 17:10:37 +0800


Started GET "/assets/jquery.js?body=1" for 127.0.0.1 at 2014-07-14 17:10:37 +0800


Started GET "/assets/main.css?body=1" for 127.0.0.1 at 2014-07-14 17:10:37 +0800


Started GET "/assets/main.js?body=1" for 127.0.0.1 at 2014-07-14 17:10:37 +0800


Started GET "/assets/application.js?body=1" for 127.0.0.1 at 2014-07-14 17:10:37 +0800


Started GET "/assets/jquery_ujs.js?body=1" for 127.0.0.1 at 2014-07-14 17:10:37 +0800


Started GET "/" for 127.0.0.1 at 2014-07-14 17:10:55 +0800
Processing by RestaurantsController#index as HTML
  [1m[36mRestaurant Load (0.2ms)[0m  [1mSELECT "restaurants".* FROM "restaurants"[0m
  Rendered restaurants/index.html.erb within layouts/application (0.9ms)
Completed 200 OK in 153ms (Views: 152.4ms | ActiveRecord: 0.2ms)


Started GET "/assets/main.css?body=1" for 127.0.0.1 at 2014-07-14 17:10:56 +0800


Started GET "/assets/jquery.js?body=1" for 127.0.0.1 at 2014-07-14 17:10:56 +0800


Started GET "/assets/jquery_ujs.js?body=1" for 127.0.0.1 at 2014-07-14 17:10:56 +0800


Started GET "/assets/application.css?body=1" for 127.0.0.1 at 2014-07-14 17:10:56 +0800


Started GET "/assets/application.js?body=1" for 127.0.0.1 at 2014-07-14 17:10:56 +0800


Started GET "/assets/main.js?body=1" for 127.0.0.1 at 2014-07-14 17:10:56 +0800


Started GET "/" for 127.0.0.1 at 2014-07-14 17:11:12 +0800
Processing by RestaurantsController#index as HTML
  [1m[35mRestaurant Load (0.2ms)[0m  SELECT "restaurants".* FROM "restaurants"
  Rendered restaurants/index.html.erb within layouts/application (0.6ms)
Completed 200 OK in 153ms (Views: 152.3ms | ActiveRecord: 0.2ms)


Started GET "/assets/main.css?body=1" for 127.0.0.1 at 2014-07-14 17:11:12 +0800


Started GET "/assets/jquery.js?body=1" for 127.0.0.1 at 2014-07-14 17:11:12 +0800


Started GET "/assets/application.css?body=1" for 127.0.0.1 at 2014-07-14 17:11:12 +0800


Started GET "/assets/application.js?body=1" for 127.0.0.1 at 2014-07-14 17:11:12 +0800


Started GET "/assets/main.js?body=1" for 127.0.0.1 at 2014-07-14 17:11:12 +0800


Started GET "/assets/jquery_ujs.js?body=1" for 127.0.0.1 at 2014-07-14 17:11:12 +0800


Started GET "/" for 127.0.0.1 at 2014-07-14 17:11:21 +0800
Processing by RestaurantsController#index as HTML
  [1m[36mRestaurant Load (0.2ms)[0m  [1mSELECT "restaurants".* FROM "restaurants"[0m
  Rendered restaurants/index.html.erb within layouts/application (0.7ms)
Completed 200 OK in 144ms (Views: 143.6ms | ActiveRecord: 0.2ms)


Started GET "/assets/main.css?body=1" for 127.0.0.1 at 2014-07-14 17:11:21 +0800


Started GET "/assets/jquery.js?body=1" for 127.0.0.1 at 2014-07-14 17:11:21 +0800


Started GET "/assets/application.css?body=1" for 127.0.0.1 at 2014-07-14 17:11:21 +0800


Started GET "/assets/main.js?body=1" for 127.0.0.1 at 2014-07-14 17:11:21 +0800


Started GET "/assets/application.js?body=1" for 127.0.0.1 at 2014-07-14 17:11:21 +0800


Started GET "/assets/jquery_ujs.js?body=1" for 127.0.0.1 at 2014-07-14 17:11:21 +0800


Started GET "/" for 127.0.0.1 at 2014-07-14 17:11:41 +0800
Processing by RestaurantsController#index as HTML
  [1m[35mRestaurant Load (0.2ms)[0m  SELECT "restaurants".* FROM "restaurants"
  Rendered restaurants/index.html.erb within layouts/application (0.9ms)
Completed 200 OK in 148ms (Views: 147.6ms | ActiveRecord: 0.2ms)


Started GET "/assets/main.css?body=1" for 127.0.0.1 at 2014-07-14 17:11:41 +0800


Started GET "/assets/jquery.js?body=1" for 127.0.0.1 at 2014-07-14 17:11:41 +0800


Started GET "/assets/application.js?body=1" for 127.0.0.1 at 2014-07-14 17:11:41 +0800


Started GET "/assets/application.css?body=1" for 127.0.0.1 at 2014-07-14 17:11:41 +0800


Started GET "/assets/jquery_ujs.js?body=1" for 127.0.0.1 at 2014-07-14 17:11:41 +0800


Started GET "/assets/main.js?body=1" for 127.0.0.1 at 2014-07-14 17:11:41 +0800


Started GET "/" for 127.0.0.1 at 2014-07-14 17:12:24 +0800
Processing by RestaurantsController#index as HTML
  [1m[36mRestaurant Load (0.2ms)[0m  [1mSELECT "restaurants".* FROM "restaurants"[0m
  Rendered restaurants/index.html.erb within layouts/application (1.2ms)
Completed 200 OK in 5ms (Views: 5.0ms | ActiveRecord: 0.2ms)


Started GET "/assets/main.css?body=1" for 127.0.0.1 at 2014-07-14 17:12:24 +0800


Started GET "/assets/jquery.js?body=1" for 127.0.0.1 at 2014-07-14 17:12:24 +0800


Started GET "/assets/application.css?body=1" for 127.0.0.1 at 2014-07-14 17:12:24 +0800


Started GET "/assets/main.js?body=1" for 127.0.0.1 at 2014-07-14 17:12:24 +0800


Started GET "/assets/application.js?body=1" for 127.0.0.1 at 2014-07-14 17:12:24 +0800


Started GET "/assets/jquery_ujs.js?body=1" for 127.0.0.1 at 2014-07-14 17:12:24 +0800


Started GET "/" for 127.0.0.1 at 2014-07-14 17:14:08 +0800
Processing by RestaurantsController#index as HTML
  [1m[35mRestaurant Load (0.1ms)[0m  SELECT "restaurants".* FROM "restaurants"
  Rendered restaurants/index.html.erb within layouts/application (1.1ms)
Completed 200 OK in 5ms (Views: 4.6ms | ActiveRecord: 0.1ms)


Started GET "/assets/main.css?body=1" for 127.0.0.1 at 2014-07-14 17:14:08 +0800


Started GET "/assets/application.js?body=1" for 127.0.0.1 at 2014-07-14 17:14:08 +0800


Started GET "/assets/jquery.js?body=1" for 127.0.0.1 at 2014-07-14 17:14:08 +0800


Started GET "/assets/jquery_ujs.js?body=1" for 127.0.0.1 at 2014-07-14 17:14:08 +0800


Started GET "/assets/application.css?body=1" for 127.0.0.1 at 2014-07-14 17:14:08 +0800


Started GET "/assets/main.js?body=1" for 127.0.0.1 at 2014-07-14 17:14:08 +0800


Started GET "/" for 127.0.0.1 at 2014-07-14 17:17:41 +0800
Processing by RestaurantsController#index as HTML
  [1m[36mRestaurant Load (0.1ms)[0m  [1mSELECT "restaurants".* FROM "restaurants"[0m
  Rendered restaurants/index.html.erb within layouts/application (0.5ms)
Completed 200 OK in 152ms (Views: 151.6ms | ActiveRecord: 0.1ms)


Started GET "/assets/main.css?body=1" for 127.0.0.1 at 2014-07-14 17:17:41 +0800


Started GET "/assets/application.css?body=1" for 127.0.0.1 at 2014-07-14 17:17:41 +0800


Started GET "/assets/jquery.js?body=1" for 127.0.0.1 at 2014-07-14 17:17:41 +0800


Started GET "/assets/jquery_ujs.js?body=1" for 127.0.0.1 at 2014-07-14 17:17:41 +0800


Started GET "/assets/application.js?body=1" for 127.0.0.1 at 2014-07-14 17:17:41 +0800


Started GET "/assets/main.js?body=1" for 127.0.0.1 at 2014-07-14 17:17:41 +0800


Started GET "/" for 127.0.0.1 at 2014-07-14 17:18:09 +0800
Processing by RestaurantsController#index as HTML
  [1m[35mRestaurant Load (0.3ms)[0m  SELECT "restaurants".* FROM "restaurants"
  Rendered restaurants/index.html.erb within layouts/application (1.3ms)
Completed 200 OK in 150ms (Views: 149.5ms | ActiveRecord: 0.3ms)


Started GET "/assets/main.css?body=1" for 127.0.0.1 at 2014-07-14 17:18:09 +0800


Started GET "/assets/main.js?body=1" for 127.0.0.1 at 2014-07-14 17:18:09 +0800


Started GET "/assets/application.js?body=1" for 127.0.0.1 at 2014-07-14 17:18:09 +0800


Started GET "/assets/application.css?body=1" for 127.0.0.1 at 2014-07-14 17:18:09 +0800


Started GET "/assets/jquery_ujs.js?body=1" for 127.0.0.1 at 2014-07-14 17:18:09 +0800


Started GET "/assets/jquery.js?body=1" for 127.0.0.1 at 2014-07-14 17:18:09 +0800


Started GET "/" for 127.0.0.1 at 2014-07-14 17:19:15 +0800
Processing by RestaurantsController#index as HTML
  [1m[36mRestaurant Load (0.2ms)[0m  [1mSELECT "restaurants".* FROM "restaurants"[0m
  Rendered restaurants/index.html.erb within layouts/application (0.8ms)
Completed 200 OK in 151ms (Views: 150.4ms | ActiveRecord: 0.2ms)


Started GET "/assets/main.css?body=1" for 127.0.0.1 at 2014-07-14 17:19:15 +0800


Started GET "/assets/main.js?body=1" for 127.0.0.1 at 2014-07-14 17:19:15 +0800


Started GET "/assets/application.css?body=1" for 127.0.0.1 at 2014-07-14 17:19:15 +0800


Started GET "/assets/jquery_ujs.js?body=1" for 127.0.0.1 at 2014-07-14 17:19:15 +0800


Started GET "/assets/jquery.js?body=1" for 127.0.0.1 at 2014-07-14 17:19:15 +0800


Started GET "/assets/application.js?body=1" for 127.0.0.1 at 2014-07-14 17:19:15 +0800


Started GET "/" for 127.0.0.1 at 2014-07-14 17:20:21 +0800
Processing by RestaurantsController#index as HTML
  [1m[35mRestaurant Load (0.2ms)[0m  SELECT "restaurants".* FROM "restaurants"
  Rendered restaurants/index.html.erb within layouts/application (1.1ms)
Completed 200 OK in 5ms (Views: 4.7ms | ActiveRecord: 0.2ms)


Started GET "/assets/jquery.js?body=1" for 127.0.0.1 at 2014-07-14 17:20:21 +0800


Started GET "/assets/main.css?body=1" for 127.0.0.1 at 2014-07-14 17:20:21 +0800


Started GET "/assets/application.js?body=1" for 127.0.0.1 at 2014-07-14 17:20:21 +0800


Started GET "/assets/main.js?body=1" for 127.0.0.1 at 2014-07-14 17:20:21 +0800


Started GET "/assets/jquery_ujs.js?body=1" for 127.0.0.1 at 2014-07-14 17:20:21 +0800


Started GET "/assets/application.css?body=1" for 127.0.0.1 at 2014-07-14 17:20:21 +0800


Started GET "/" for 127.0.0.1 at 2014-07-14 17:20:35 +0800
Processing by RestaurantsController#index as HTML
  [1m[36mRestaurant Load (0.2ms)[0m  [1mSELECT "restaurants".* FROM "restaurants"[0m
  Rendered restaurants/index.html.erb within layouts/application (0.8ms)
Completed 200 OK in 151ms (Views: 150.6ms | ActiveRecord: 0.2ms)


Started GET "/assets/main.css?body=1" for 127.0.0.1 at 2014-07-14 17:20:35 +0800


Started GET "/assets/main.js?body=1" for 127.0.0.1 at 2014-07-14 17:20:35 +0800


Started GET "/assets/jquery.js?body=1" for 127.0.0.1 at 2014-07-14 17:20:35 +0800


Started GET "/assets/application.css?body=1" for 127.0.0.1 at 2014-07-14 17:20:35 +0800


Started GET "/assets/jquery_ujs.js?body=1" for 127.0.0.1 at 2014-07-14 17:20:35 +0800


Started GET "/assets/application.js?body=1" for 127.0.0.1 at 2014-07-14 17:20:35 +0800


Started GET "/" for 127.0.0.1 at 2014-07-14 17:20:38 +0800
Processing by RestaurantsController#index as HTML
  [1m[35mRestaurant Load (0.2ms)[0m  SELECT "restaurants".* FROM "restaurants"
  Rendered restaurants/index.html.erb within layouts/application (0.6ms)
Completed 200 OK in 4ms (Views: 4.0ms | ActiveRecord: 0.2ms)


Started GET "/assets/application.css?body=1" for 127.0.0.1 at 2014-07-14 17:20:38 +0800


Started GET "/assets/main.css?body=1" for 127.0.0.1 at 2014-07-14 17:20:38 +0800


Started GET "/assets/main.js?body=1" for 127.0.0.1 at 2014-07-14 17:20:38 +0800


Started GET "/assets/jquery.js?body=1" for 127.0.0.1 at 2014-07-14 17:20:38 +0800


Started GET "/assets/jquery_ujs.js?body=1" for 127.0.0.1 at 2014-07-14 17:20:38 +0800


Started GET "/assets/application.js?body=1" for 127.0.0.1 at 2014-07-14 17:20:38 +0800


Started GET "/" for 127.0.0.1 at 2014-07-14 17:21:06 +0800
Processing by RestaurantsController#index as HTML
  [1m[36mRestaurant Load (0.2ms)[0m  [1mSELECT "restaurants".* FROM "restaurants"[0m
  Rendered restaurants/index.html.erb within layouts/application (0.7ms)
Completed 200 OK in 149ms (Views: 149.0ms | ActiveRecord: 0.2ms)


Started GET "/assets/main.css?body=1" for 127.0.0.1 at 2014-07-14 17:21:06 +0800


Started GET "/assets/jquery_ujs.js?body=1" for 127.0.0.1 at 2014-07-14 17:21:06 +0800


Started GET "/assets/application.js?body=1" for 127.0.0.1 at 2014-07-14 17:21:06 +0800


Started GET "/assets/jquery.js?body=1" for 127.0.0.1 at 2014-07-14 17:21:06 +0800


Started GET "/assets/main.js?body=1" for 127.0.0.1 at 2014-07-14 17:21:06 +0800


Started GET "/assets/application.css?body=1" for 127.0.0.1 at 2014-07-14 17:21:06 +0800


Started GET "/" for 127.0.0.1 at 2014-07-14 17:21:20 +0800
Processing by RestaurantsController#index as HTML
  [1m[35mRestaurant Load (0.2ms)[0m  SELECT "restaurants".* FROM "restaurants"
  Rendered restaurants/index.html.erb within layouts/application (0.7ms)
Completed 200 OK in 146ms (Views: 145.7ms | ActiveRecord: 0.2ms)


Started GET "/assets/main.css?body=1" for 127.0.0.1 at 2014-07-14 17:21:20 +0800


Started GET "/assets/jquery.js?body=1" for 127.0.0.1 at 2014-07-14 17:21:20 +0800


Started GET "/assets/jquery_ujs.js?body=1" for 127.0.0.1 at 2014-07-14 17:21:20 +0800


Started GET "/assets/main.js?body=1" for 127.0.0.1 at 2014-07-14 17:21:20 +0800


Started GET "/assets/application.js?body=1" for 127.0.0.1 at 2014-07-14 17:21:20 +0800


Started GET "/assets/application.css?body=1" for 127.0.0.1 at 2014-07-14 17:21:20 +0800


Started GET "/" for 127.0.0.1 at 2014-07-14 17:21:49 +0800
Processing by RestaurantsController#index as HTML
  [1m[36mRestaurant Load (0.3ms)[0m  [1mSELECT "restaurants".* FROM "restaurants"[0m
  Rendered restaurants/index.html.erb within layouts/application (1.3ms)
Completed 200 OK in 150ms (Views: 149.1ms | ActiveRecord: 0.3ms)


Started GET "/assets/application.css?body=1" for 127.0.0.1 at 2014-07-14 17:21:49 +0800


Started GET "/assets/main.css?body=1" for 127.0.0.1 at 2014-07-14 17:21:49 +0800


Started GET "/assets/jquery.js?body=1" for 127.0.0.1 at 2014-07-14 17:21:49 +0800


Started GET "/assets/main.js?body=1" for 127.0.0.1 at 2014-07-14 17:21:49 +0800


Started GET "/assets/jquery_ujs.js?body=1" for 127.0.0.1 at 2014-07-14 17:21:49 +0800


Started GET "/assets/application.js?body=1" for 127.0.0.1 at 2014-07-14 17:21:49 +0800


Started GET "/" for 127.0.0.1 at 2014-07-14 17:22:27 +0800
Processing by RestaurantsController#index as HTML
  [1m[35mRestaurant Load (0.3ms)[0m  SELECT "restaurants".* FROM "restaurants"
  Rendered restaurants/index.html.erb within layouts/application (1.0ms)
Completed 200 OK in 5ms (Views: 4.4ms | ActiveRecord: 0.3ms)


Started GET "/assets/main.css?body=1" for 127.0.0.1 at 2014-07-14 17:22:27 +0800


Started GET "/assets/application.css?body=1" for 127.0.0.1 at 2014-07-14 17:22:27 +0800


Started GET "/assets/main.js?body=1" for 127.0.0.1 at 2014-07-14 17:22:27 +0800


Started GET "/assets/application.js?body=1" for 127.0.0.1 at 2014-07-14 17:22:27 +0800


Started GET "/assets/jquery.js?body=1" for 127.0.0.1 at 2014-07-14 17:22:27 +0800


Started GET "/assets/jquery_ujs.js?body=1" for 127.0.0.1 at 2014-07-14 17:22:27 +0800


Started GET "/" for 127.0.0.1 at 2014-07-14 17:22:41 +0800
Processing by RestaurantsController#index as HTML
  [1m[36mRestaurant Load (0.3ms)[0m  [1mSELECT "restaurants".* FROM "restaurants"[0m
  Rendered restaurants/index.html.erb within layouts/application (0.7ms)
Completed 200 OK in 5ms (Views: 4.6ms | ActiveRecord: 0.3ms)


Started GET "/assets/application.css?body=1" for 127.0.0.1 at 2014-07-14 17:22:41 +0800


Started GET "/assets/jquery_ujs.js?body=1" for 127.0.0.1 at 2014-07-14 17:22:41 +0800


Started GET "/assets/main.css?body=1" for 127.0.0.1 at 2014-07-14 17:22:41 +0800


Started GET "/assets/main.js?body=1" for 127.0.0.1 at 2014-07-14 17:22:41 +0800


Started GET "/assets/application.js?body=1" for 127.0.0.1 at 2014-07-14 17:22:41 +0800


Started GET "/assets/jquery.js?body=1" for 127.0.0.1 at 2014-07-14 17:22:41 +0800


Started GET "/" for 127.0.0.1 at 2014-07-14 17:22:46 +0800
Processing by RestaurantsController#index as HTML
  [1m[35mRestaurant Load (0.1ms)[0m  SELECT "restaurants".* FROM "restaurants"
  Rendered restaurants/index.html.erb within layouts/application (0.7ms)
Completed 200 OK in 4ms (Views: 3.9ms | ActiveRecord: 0.1ms)


Started GET "/assets/jquery.js?body=1" for 127.0.0.1 at 2014-07-14 17:22:46 +0800


Started GET "/assets/application.js?body=1" for 127.0.0.1 at 2014-07-14 17:22:46 +0800


Started GET "/assets/application.css?body=1" for 127.0.0.1 at 2014-07-14 17:22:46 +0800


Started GET "/assets/main.css?body=1" for 127.0.0.1 at 2014-07-14 17:22:46 +0800


Started GET "/assets/jquery_ujs.js?body=1" for 127.0.0.1 at 2014-07-14 17:22:46 +0800


Started GET "/assets/main.js?body=1" for 127.0.0.1 at 2014-07-14 17:22:46 +0800


Started GET "/" for 127.0.0.1 at 2014-07-14 17:23:13 +0800
Processing by RestaurantsController#index as HTML
  [1m[36mRestaurant Load (0.1ms)[0m  [1mSELECT "restaurants".* FROM "restaurants"[0m
  Rendered restaurants/index.html.erb within layouts/application (0.5ms)
Completed 200 OK in 4ms (Views: 4.1ms | ActiveRecord: 0.1ms)


Started GET "/assets/application.css?body=1" for 127.0.0.1 at 2014-07-14 17:23:13 +0800


Started GET "/assets/main.css?body=1" for 127.0.0.1 at 2014-07-14 17:23:13 +0800


Started GET "/assets/jquery.js?body=1" for 127.0.0.1 at 2014-07-14 17:23:13 +0800


Started GET "/assets/jquery_ujs.js?body=1" for 127.0.0.1 at 2014-07-14 17:23:13 +0800


Started GET "/assets/application.js?body=1" for 127.0.0.1 at 2014-07-14 17:23:13 +0800


Started GET "/assets/main.js?body=1" for 127.0.0.1 at 2014-07-14 17:23:13 +0800


Started GET "/" for 127.0.0.1 at 2014-07-14 17:23:29 +0800
Processing by RestaurantsController#index as HTML
  [1m[35mRestaurant Load (0.1ms)[0m  SELECT "restaurants".* FROM "restaurants"
  Rendered restaurants/index.html.erb within layouts/application (0.5ms)
Completed 200 OK in 144ms (Views: 143.8ms | ActiveRecord: 0.1ms)


Started GET "/assets/main.css?body=1" for 127.0.0.1 at 2014-07-14 17:23:29 +0800


Started GET "/assets/application.css?body=1" for 127.0.0.1 at 2014-07-14 17:23:29 +0800


Started GET "/assets/jquery.js?body=1" for 127.0.0.1 at 2014-07-14 17:23:29 +0800


Started GET "/assets/jquery_ujs.js?body=1" for 127.0.0.1 at 2014-07-14 17:23:29 +0800


Started GET "/assets/main.js?body=1" for 127.0.0.1 at 2014-07-14 17:23:29 +0800


Started GET "/assets/application.js?body=1" for 127.0.0.1 at 2014-07-14 17:23:29 +0800


Started GET "/" for 127.0.0.1 at 2014-07-14 17:23:47 +0800
Processing by RestaurantsController#index as HTML
  [1m[36mRestaurant Load (0.2ms)[0m  [1mSELECT "restaurants".* FROM "restaurants"[0m
  Rendered restaurants/index.html.erb within layouts/application (0.6ms)
Completed 200 OK in 152ms (Views: 151.3ms | ActiveRecord: 0.2ms)


Started GET "/assets/main.css?body=1" for 127.0.0.1 at 2014-07-14 17:23:47 +0800


Started GET "/assets/application.css?body=1" for 127.0.0.1 at 2014-07-14 17:23:47 +0800


Started GET "/assets/jquery.js?body=1" for 127.0.0.1 at 2014-07-14 17:23:47 +0800


Started GET "/assets/application.js?body=1" for 127.0.0.1 at 2014-07-14 17:23:47 +0800


Started GET "/assets/jquery_ujs.js?body=1" for 127.0.0.1 at 2014-07-14 17:23:47 +0800


Started GET "/assets/main.js?body=1" for 127.0.0.1 at 2014-07-14 17:23:47 +0800


Started GET "/" for 127.0.0.1 at 2014-07-14 17:24:11 +0800
Processing by RestaurantsController#index as HTML
  [1m[35mRestaurant Load (0.2ms)[0m  SELECT "restaurants".* FROM "restaurants"
  Rendered restaurants/index.html.erb within layouts/application (1.3ms)
Completed 200 OK in 5ms (Views: 4.3ms | ActiveRecord: 0.2ms)


Started GET "/assets/main.css?body=1" for 127.0.0.1 at 2014-07-14 17:24:11 +0800


Started GET "/assets/application.css?body=1" for 127.0.0.1 at 2014-07-14 17:24:11 +0800


Started GET "/assets/jquery_ujs.js?body=1" for 127.0.0.1 at 2014-07-14 17:24:11 +0800


Started GET "/assets/jquery.js?body=1" for 127.0.0.1 at 2014-07-14 17:24:11 +0800


Started GET "/assets/main.js?body=1" for 127.0.0.1 at 2014-07-14 17:24:11 +0800


Started GET "/assets/application.js?body=1" for 127.0.0.1 at 2014-07-14 17:24:11 +0800
  [1m[36m (0.1ms)[0m  [1mbegin transaction[0m
  [1m[35mSQL (0.5ms)[0m  INSERT INTO "restaurants" ("address", "created_at", "latitude", "longitude", "updated_at") VALUES (?, ?, ?, ?, ?)  [["address", "5H Bowen Road, Hong Kong"], ["created_at", "2014-07-14 09:26:18.488417"], ["latitude", 22.2747631], ["longitude", 114.1577998], ["updated_at", "2014-07-14 09:26:18.488417"]]
  [1m[36m (2.9ms)[0m  [1mcommit transaction[0m


Started GET "/" for 127.0.0.1 at 2014-07-14 17:26:22 +0800
Processing by RestaurantsController#index as HTML
  [1m[36mRestaurant Load (0.2ms)[0m  [1mSELECT "restaurants".* FROM "restaurants"[0m
  Rendered restaurants/index.html.erb within layouts/application (0.6ms)
Completed 200 OK in 5ms (Views: 4.2ms | ActiveRecord: 0.2ms)


Started GET "/assets/main.css?body=1" for 127.0.0.1 at 2014-07-14 17:26:22 +0800


Started GET "/assets/jquery.js?body=1" for 127.0.0.1 at 2014-07-14 17:26:22 +0800


Started GET "/assets/application.css?body=1" for 127.0.0.1 at 2014-07-14 17:26:22 +0800


Started GET "/assets/jquery_ujs.js?body=1" for 127.0.0.1 at 2014-07-14 17:26:22 +0800


Started GET "/assets/main.js?body=1" for 127.0.0.1 at 2014-07-14 17:26:22 +0800


Started GET "/assets/application.js?body=1" for 127.0.0.1 at 2014-07-14 17:26:22 +0800
  [1m[35m (0.1ms)[0m  begin transaction
  [1m[36mSQL (0.3ms)[0m  [1mINSERT INTO "restaurants" ("address", "created_at", "latitude", "longitude", "updated_at") VALUES (?, ?, ?, ?, ?)[0m  [["address", "Core C, Cyberport 3"], ["created_at", "2014-07-14 09:28:22.256729"], ["latitude", 22.2599372], ["longitude", 114.131856], ["updated_at", "2014-07-14 09:28:22.256729"]]
  [1m[35m (2.8ms)[0m  commit transaction


Started GET "/" for 127.0.0.1 at 2014-07-14 17:28:31 +0800
Processing by RestaurantsController#index as HTML
  [1m[35mRestaurant Load (0.2ms)[0m  SELECT "restaurants".* FROM "restaurants"
  Rendered restaurants/index.html.erb within layouts/application (0.8ms)
Completed 200 OK in 5ms (Views: 4.7ms | ActiveRecord: 0.2ms)


Started GET "/assets/application.css?body=1" for 127.0.0.1 at 2014-07-14 17:28:31 +0800


Started GET "/assets/jquery_ujs.js?body=1" for 127.0.0.1 at 2014-07-14 17:28:31 +0800


Started GET "/assets/main.css?body=1" for 127.0.0.1 at 2014-07-14 17:28:31 +0800


Started GET "/assets/application.js?body=1" for 127.0.0.1 at 2014-07-14 17:28:31 +0800


Started GET "/assets/main.js?body=1" for 127.0.0.1 at 2014-07-14 17:28:31 +0800


Started GET "/assets/jquery.js?body=1" for 127.0.0.1 at 2014-07-14 17:28:31 +0800
